2026-04-25 13:02:17.365 +07:00 [INF] ✅ Kết nối Database thành công.
2026-04-25 13:02:17.411 +07:00 [INF] ⏳ Đang kiểm tra cấu trúc Database...
2026-04-25 13:02:17.805 +07:00 [INF] ✅ Cấu trúc Database đã sẵn sàng.
2026-04-25 13:02:17.839 +07:00 [INF] ✅ Checked/Created implicit cast for user_role
2026-04-25 13:02:17.844 +07:00 [INF] ✅ Checked/Created implicit cast for product_status
2026-04-25 13:02:17.845 +07:00 [INF] ⏳ Checking for admin user...
2026-04-25 13:02:17.902 +07:00 [INF] ✅ Admin check completed
2026-04-25 13:02:17.903 +07:00 [INF] ✅ Admin user already exists
2026-04-25 13:02:17.904 +07:00 [INF] ⏳ Checking for placeholder users...
2026-04-25 13:02:17.971 +07:00 [INF] ✅ Placeholder users check completed
2026-04-25 13:02:17.973 +07:00 [INF] ⏳ Checking SiteSettings...
2026-04-25 13:02:17.982 +07:00 [INF] ✅ SiteSettings already exists
2026-04-25 13:02:17.983 +07:00 [INF] ⏳ Checking for test data...
2026-04-25 13:02:17.996 +07:00 [INF] ⏭️ Test data already exists, skipping seeding.
2026-04-25 13:02:17.998 +07:00 [INF] ✅ Test data check completed
2026-04-25 13:02:17.999 +07:00 [INF] ✅ Database seeding completed successfully!
2026-04-25 13:02:18.281 +07:00 [ERR] Hosting failed to start
System.IO.IOException: Failed to bind to address http://127.0.0.1:5088: address already in use.
 ---> Microsoft.AspNetCore.Connections.AddressInUseException: Only one usage of each socket address (protocol/network address/port) is normally permitted.
 ---> System.Net.Sockets.SocketException (10048): Only one usage of each socket address (protocol/network address/port) is normally permitted.
   at System.Net.Sockets.Socket.UpdateStatusAfterSocketErrorAndThrowException(SocketError error, Boolean disconnectOnFailure, String callerName)
   at System.Net.Sockets.Socket.DoBind(EndPoint endPointSnapshot, SocketAddress socketAddress)
   at System.Net.Sockets.Socket.Bind(EndPoint localEP)
   at Microsoft.AspNetCore.Server.Kestrel.Transport.Sockets.SocketTransportOptions.CreateDefaultBoundListenSocket(EndPoint endpoint)
   at Microsoft.AspNetCore.Server.Kestrel.Transport.Sockets.SocketConnectionListener.Bind()
   --- End of inner exception stack trace ---
   at Microsoft.AspNetCore.Server.Kestrel.Transport.Sockets.SocketConnectionListener.Bind()
   at Microsoft.AspNetCore.Server.Kestrel.Transport.Sockets.SocketTransportFactory.BindAsync(EndPoint endpoint, CancellationToken cancellationToken)
   at Microsoft.AspNetCore.Server.Kestrel.Core.Internal.Infrastructure.TransportManager.BindAsync(EndPoint endPoint, ConnectionDelegate connectionDelegate, EndpointConfig endpointConfig, CancellationToken cancellationToken)
   at Microsoft.AspNetCore.Server.Kestrel.Core.KestrelServerImpl.<>c__DisplayClass28_0`1.<<StartAsync>g__OnBind|0>d.MoveNext()
--- End of stack trace from previous location ---
   at Microsoft.AspNetCore.Server.Kestrel.Core.Internal.AddressBinder.BindEndpointAsync(ListenOptions endpoint, AddressBindContext context, CancellationToken cancellationToken)
   --- End of inner exception stack trace ---
   at Microsoft.AspNetCore.Server.Kestrel.Core.Internal.AddressBinder.BindEndpointAsync(ListenOptions endpoint, AddressBindContext context, CancellationToken cancellationToken)
   at Microsoft.AspNetCore.Server.Kestrel.Core.LocalhostListenOptions.BindAsync(AddressBindContext context, CancellationToken cancellationToken)
   at Microsoft.AspNetCore.Server.Kestrel.Core.Internal.AddressBinder.AddressesStrategy.BindAsync(AddressBindContext context, CancellationToken cancellationToken)
   at Microsoft.AspNetCore.Server.Kestrel.Core.KestrelServerImpl.BindAsync(CancellationToken cancellationToken)
   at Microsoft.AspNetCore.Server.Kestrel.Core.KestrelServerImpl.StartAsync[TContext](IHttpApplication`1 application, CancellationToken cancellationToken)
   at Microsoft.AspNetCore.Hosting.GenericWebHostService.StartAsync(CancellationToken cancellationToken)
   at Microsoft.Extensions.Hosting.Internal.Host.<StartAsync>b__14_1(IHostedService service, CancellationToken token)
   at Microsoft.Extensions.Hosting.Internal.Host.ForeachService[T](IEnumerable`1 services, CancellationToken token, Boolean concurrent, Boolean abortOnFirstException, List`1 exceptions, Func`3 operation)
2026-04-25 13:02:18.310 +07:00 [FTL] Terminated
System.IO.IOException: Failed to bind to address http://127.0.0.1:5088: address already in use.
 ---> Microsoft.AspNetCore.Connections.AddressInUseException: Only one usage of each socket address (protocol/network address/port) is normally permitted.
 ---> System.Net.Sockets.SocketException (10048): Only one usage of each socket address (protocol/network address/port) is normally permitted.
   at System.Net.Sockets.Socket.UpdateStatusAfterSocketErrorAndThrowException(SocketError error, Boolean disconnectOnFailure, String callerName)
   at System.Net.Sockets.Socket.DoBind(EndPoint endPointSnapshot, SocketAddress socketAddress)
   at System.Net.Sockets.Socket.Bind(EndPoint localEP)
   at Microsoft.AspNetCore.Server.Kestrel.Transport.Sockets.SocketTransportOptions.CreateDefaultBoundListenSocket(EndPoint endpoint)
   at Microsoft.AspNetCore.Server.Kestrel.Transport.Sockets.SocketConnectionListener.Bind()
   --- End of inner exception stack trace ---
   at Microsoft.AspNetCore.Server.Kestrel.Transport.Sockets.SocketConnectionListener.Bind()
   at Microsoft.AspNetCore.Server.Kestrel.Transport.Sockets.SocketTransportFactory.BindAsync(EndPoint endpoint, CancellationToken cancellationToken)
   at Microsoft.AspNetCore.Server.Kestrel.Core.Internal.Infrastructure.TransportManager.BindAsync(EndPoint endPoint, ConnectionDelegate connectionDelegate, EndpointConfig endpointConfig, CancellationToken cancellationToken)
   at Microsoft.AspNetCore.Server.Kestrel.Core.KestrelServerImpl.<>c__DisplayClass28_0`1.<<StartAsync>g__OnBind|0>d.MoveNext()
--- End of stack trace from previous location ---
   at Microsoft.AspNetCore.Server.Kestrel.Core.Internal.AddressBinder.BindEndpointAsync(ListenOptions endpoint, AddressBindContext context, CancellationToken cancellationToken)
   --- End of inner exception stack trace ---
   at Microsoft.AspNetCore.Server.Kestrel.Core.Internal.AddressBinder.BindEndpointAsync(ListenOptions endpoint, AddressBindContext context, CancellationToken cancellationToken)
   at Microsoft.AspNetCore.Server.Kestrel.Core.LocalhostListenOptions.BindAsync(AddressBindContext context, CancellationToken cancellationToken)
   at Microsoft.AspNetCore.Server.Kestrel.Core.Internal.AddressBinder.AddressesStrategy.BindAsync(AddressBindContext context, CancellationToken cancellationToken)
   at Microsoft.AspNetCore.Server.Kestrel.Core.KestrelServerImpl.BindAsync(CancellationToken cancellationToken)
   at Microsoft.AspNetCore.Server.Kestrel.Core.KestrelServerImpl.StartAsync[TContext](IHttpApplication`1 application, CancellationToken cancellationToken)
   at Microsoft.AspNetCore.Hosting.GenericWebHostService.StartAsync(CancellationToken cancellationToken)
   at Microsoft.Extensions.Hosting.Internal.Host.<StartAsync>b__14_1(IHostedService service, CancellationToken token)
   at Microsoft.Extensions.Hosting.Internal.Host.ForeachService[T](IEnumerable`1 services, CancellationToken token, Boolean concurrent, Boolean abortOnFirstException, List`1 exceptions, Func`3 operation)
   at Microsoft.Extensions.Hosting.Internal.Host.StartAsync(CancellationToken cancellationToken)
   at Microsoft.Extensions.Hosting.HostingAbstractionsHostExtensions.RunAsync(IHost host, CancellationToken token)
   at Microsoft.Extensions.Hosting.HostingAbstractionsHostExtensions.RunAsync(IHost host, CancellationToken token)
   at Microsoft.Extensions.Hosting.HostingAbstractionsHostExtensions.Run(IHost host)
   at Program.<Main>$(String[] args) in D:\Source.Net\freelance\CatalogaWeb\src\AquaCMS\Program.cs:line 131
2026-04-25 13:06:00.923 +07:00 [INF] ✅ Kết nối Database thành công.
2026-04-25 13:06:00.962 +07:00 [INF] ⏳ Đang kiểm tra cấu trúc Database...
2026-04-25 13:06:01.369 +07:00 [INF] ✅ Cấu trúc Database đã sẵn sàng.
2026-04-25 13:06:01.408 +07:00 [INF] ✅ Checked/Created implicit cast for user_role
2026-04-25 13:06:01.419 +07:00 [INF] ✅ Checked/Created implicit cast for product_status
2026-04-25 13:06:01.422 +07:00 [INF] ⏳ Checking for admin user...
2026-04-25 13:06:01.512 +07:00 [INF] ✅ Admin check completed
2026-04-25 13:06:01.513 +07:00 [INF] ✅ Admin user already exists
2026-04-25 13:06:01.515 +07:00 [INF] ⏳ Checking for placeholder users...
2026-04-25 13:06:01.633 +07:00 [INF] ✅ Placeholder users check completed
2026-04-25 13:06:01.635 +07:00 [INF] ⏳ Checking SiteSettings...
2026-04-25 13:06:01.647 +07:00 [INF] ✅ SiteSettings already exists
2026-04-25 13:06:01.648 +07:00 [INF] ⏳ Checking for test data...
2026-04-25 13:06:01.660 +07:00 [INF] ⏭️ Test data already exists, skipping seeding.
2026-04-25 13:06:01.661 +07:00 [INF] ✅ Test data check completed
2026-04-25 13:06:01.662 +07:00 [INF] ✅ Database seeding completed successfully!
2026-04-25 13:11:33.292 +07:00 [INF] ✅ Kết nối Database thành công.
2026-04-25 13:11:33.337 +07:00 [INF] ⏳ Đang kiểm tra cấu trúc Database...
2026-04-25 13:11:33.690 +07:00 [INF] ✅ Cấu trúc Database đã sẵn sàng.
2026-04-25 13:11:33.719 +07:00 [INF] ✅ Checked/Created implicit cast for user_role
2026-04-25 13:11:33.725 +07:00 [INF] ✅ Checked/Created implicit cast for product_status
2026-04-25 13:11:33.726 +07:00 [INF] ⏳ Checking for admin user...
2026-04-25 13:11:33.770 +07:00 [INF] ✅ Admin check completed
2026-04-25 13:11:33.771 +07:00 [INF] ⏳ Creating admin user...
2026-04-25 13:11:34.635 +07:00 [INF] ✅ Seed admin: admin@aquacms.com / Admin@123
2026-04-25 13:11:34.636 +07:00 [INF] ⏳ Checking for placeholder users...
2026-04-25 13:11:35.116 +07:00 [INF] ✅ Cập nhật password cho: admin@cataloga.com
2026-04-25 13:11:35.143 +07:00 [INF] ✅ Placeholder users check completed
2026-04-25 13:11:35.144 +07:00 [INF] ⏳ Checking SiteSettings...
2026-04-25 13:11:35.155 +07:00 [INF] ✅ SiteSettings already exists
2026-04-25 13:11:35.156 +07:00 [INF] ⏳ Checking for test data...
2026-04-25 13:11:35.168 +07:00 [INF] ⏭️ Test data already exists, skipping seeding.
2026-04-25 13:11:35.169 +07:00 [INF] ✅ Test data check completed
2026-04-25 13:11:35.170 +07:00 [INF] ✅ Database seeding completed successfully!
2026-04-25 13:12:42.207 +07:00 [WRN] The query uses the 'First'/'FirstOrDefault' operator without 'OrderBy' and filter operators. This may lead to unpredictable results.
2026-04-25 13:12:43.243 +07:00 [INF] HTTP GET / responded 200 in 1223.8647 ms
2026-04-25 13:12:43.360 +07:00 [INF] HTTP POST /hubs/chat/negotiate responded 200 in 23.8699 ms
2026-04-25 13:12:43.554 +07:00 [INF] HTTP GET /uploads/categories/phu-kien.jpg responded 404 in 219.9778 ms
2026-04-25 13:12:43.555 +07:00 [INF] HTTP GET /uploads/categories/may-cho-an.jpg responded 404 in 221.9721 ms
2026-04-25 13:12:43.555 +07:00 [INF] HTTP GET /uploads/categories/khung-ao.jpg responded 404 in 221.9656 ms
2026-04-25 13:12:43.555 +07:00 [INF] HTTP GET /uploads/categories/may-suc-khi.jpg responded 404 in 222.1059 ms
2026-04-25 13:12:55.779 +07:00 [INF] HTTP GET /admin responded 200 in 241.4666 ms
2026-04-25 13:12:55.813 +07:00 [INF] HTTP GET /hubs/chat responded 101 in 12412.9298 ms
2026-04-25 13:13:01.001 +07:00 [INF] HTTP GET /admin/categories responded 200 in 27.0955 ms
2026-04-25 13:13:01.034 +07:00 [INF] HTTP GET /uploads/categories/may-cho-an.jpg responded 404 in 6.7047 ms
2026-04-25 13:13:01.034 +07:00 [INF] HTTP GET /uploads/categories/may-suc-khi.jpg responded 404 in 6.7342 ms
2026-04-25 13:13:01.042 +07:00 [INF] HTTP GET /uploads/categories/khung-ao.jpg responded 404 in 1.2228 ms
2026-04-25 13:13:01.042 +07:00 [INF] HTTP GET /uploads/categories/phu-kien.jpg responded 404 in 1.2129 ms
2026-04-25 13:13:02.775 +07:00 [INF] HTTP GET /admin/products responded 200 in 63.9517 ms
2026-04-25 13:18:52.512 +07:00 [INF] ✅ Kết nối Database thành công.
2026-04-25 13:18:52.549 +07:00 [INF] ⏳ Đang kiểm tra cấu trúc Database...
2026-04-25 13:18:52.937 +07:00 [INF] ✅ Cấu trúc Database đã sẵn sàng.
2026-04-25 13:18:52.952 +07:00 [INF] ✅ Checked/Created implicit cast for user_role
2026-04-25 13:18:52.957 +07:00 [INF] ✅ Checked/Created implicit cast for product_status
2026-04-25 13:18:52.958 +07:00 [INF] ⏳ Checking for admin user...
2026-04-25 13:18:52.998 +07:00 [INF] ✅ Admin check completed
2026-04-25 13:18:52.999 +07:00 [INF] ✅ Admin user already exists
2026-04-25 13:18:53.000 +07:00 [INF] ⏳ Checking for placeholder users...
2026-04-25 13:18:53.054 +07:00 [INF] ✅ Placeholder users check completed
2026-04-25 13:18:53.055 +07:00 [INF] ⏳ Checking SiteSettings...
2026-04-25 13:18:53.063 +07:00 [INF] ✅ SiteSettings already exists
2026-04-25 13:18:53.065 +07:00 [INF] ⏳ Checking for test data...
2026-04-25 13:18:53.091 +07:00 [INF] ⏭️  Test data seeding started...
2026-04-25 13:18:53.364 +07:00 [ERR] An exception occurred in the database while saving changes for context type 'AquaCMS.Data.AppDbContext'.
Microsoft.EntityFrameworkCore.DbUpdateException: An error occurred while saving the entity changes. See the inner exception for details.
 ---> Npgsql.PostgresException (0x80004005): 23505: duplicate key value violates unique constraint "categories_slug_key"

DETAIL: Detail redacted as it may contain sensitive data. Specify 'Include Error Detail' in the connection string to include this information.
   at Npgsql.Internal.NpgsqlConnector.ReadMessageLong(Boolean async, DataRowLoadingMode dataRowLoadingMode, Boolean readingNotifications, Boolean isReadingPrependedMessage)
   at System.Runtime.CompilerServices.PoolingAsyncValueTaskMethodBuilder`1.StateMachineBox`1.System.Threading.Tasks.Sources.IValueTaskSource<TResult>.GetResult(Int16 token)
   at Npgsql.NpgsqlDataReader.NextResult(Boolean async, Boolean isConsuming, CancellationToken cancellationToken)
   at Npgsql.NpgsqlDataReader.NextResult(Boolean async, Boolean isConsuming, CancellationToken cancellationToken)
   at Npgsql.EntityFrameworkCore.PostgreSQL.Update.Internal.NpgsqlModificationCommandBatch.Consume(RelationalDataReader reader, Boolean async, CancellationToken cancellationToken)
  Exception data:
    Severity: ERROR
    SqlState: 23505
    MessageText: duplicate key value violates unique constraint "categories_slug_key"
    Detail: Detail redacted as it may contain sensitive data. Specify 'Include Error Detail' in the connection string to include this information.
    SchemaName: public
    TableName: categories
    ConstraintName: categories_slug_key
    File: nbtinsert.c
    Line: 666
    Routine: _bt_check_unique
   --- End of inner exception stack trace ---
   at Npgsql.EntityFrameworkCore.PostgreSQL.Update.Internal.NpgsqlModificationCommandBatch.Consume(RelationalDataReader reader, Boolean async, CancellationToken cancellationToken)
   at Microsoft.EntityFrameworkCore.Update.ReaderModificationCommandBatch.ExecuteAsync(IRelationalConnection connection, CancellationToken cancellationToken)
   at Microsoft.EntityFrameworkCore.Update.ReaderModificationCommandBatch.ExecuteAsync(IRelationalConnection connection, CancellationToken cancellationToken)
   at Microsoft.EntityFrameworkCore.Update.Internal.BatchExecutor.ExecuteAsync(IEnumerable`1 commandBatches, IRelationalConnection connection, CancellationToken cancellationToken)
   at Microsoft.EntityFrameworkCore.Update.Internal.BatchExecutor.ExecuteAsync(IEnumerable`1 commandBatches, IRelationalConnection connection, CancellationToken cancellationToken)
   at Microsoft.EntityFrameworkCore.Update.Internal.BatchExecutor.ExecuteAsync(IEnumerable`1 commandBatches, IRelationalConnection connection, CancellationToken cancellationToken)
   at Microsoft.EntityFrameworkCore.Storage.RelationalDatabase.SaveChangesAsync(IList`1 entries, CancellationToken cancellationToken)
   at Microsoft.EntityFrameworkCore.ChangeTracking.Internal.StateManager.SaveChangesAsync(IList`1 entriesToSave, CancellationToken cancellationToken)
   at Microsoft.EntityFrameworkCore.ChangeTracking.Internal.StateManager.SaveChangesAsync(StateManager stateManager, Boolean acceptAllChangesOnSuccess, CancellationToken cancellationToken)
   at Npgsql.EntityFrameworkCore.PostgreSQL.Storage.Internal.NpgsqlExecutionStrategy.ExecuteAsync[TState,TResult](TState state, Func`4 operation, Func`4 verifySucceeded, CancellationToken cancellationToken)
   at Microsoft.EntityFrameworkCore.DbContext.SaveChangesAsync(Boolean acceptAllChangesOnSuccess, CancellationToken cancellationToken)
Microsoft.EntityFrameworkCore.DbUpdateException: An error occurred while saving the entity changes. See the inner exception for details.
 ---> Npgsql.PostgresException (0x80004005): 23505: duplicate key value violates unique constraint "categories_slug_key"

DETAIL: Detail redacted as it may contain sensitive data. Specify 'Include Error Detail' in the connection string to include this information.
   at Npgsql.Internal.NpgsqlConnector.ReadMessageLong(Boolean async, DataRowLoadingMode dataRowLoadingMode, Boolean readingNotifications, Boolean isReadingPrependedMessage)
   at System.Runtime.CompilerServices.PoolingAsyncValueTaskMethodBuilder`1.StateMachineBox`1.System.Threading.Tasks.Sources.IValueTaskSource<TResult>.GetResult(Int16 token)
   at Npgsql.NpgsqlDataReader.NextResult(Boolean async, Boolean isConsuming, CancellationToken cancellationToken)
   at Npgsql.NpgsqlDataReader.NextResult(Boolean async, Boolean isConsuming, CancellationToken cancellationToken)
   at Npgsql.EntityFrameworkCore.PostgreSQL.Update.Internal.NpgsqlModificationCommandBatch.Consume(RelationalDataReader reader, Boolean async, CancellationToken cancellationToken)
  Exception data:
    Severity: ERROR
    SqlState: 23505
    MessageText: duplicate key value violates unique constraint "categories_slug_key"
    Detail: Detail redacted as it may contain sensitive data. Specify 'Include Error Detail' in the connection string to include this information.
    SchemaName: public
    TableName: categories
    ConstraintName: categories_slug_key
    File: nbtinsert.c
    Line: 666
    Routine: _bt_check_unique
   --- End of inner exception stack trace ---
   at Npgsql.EntityFrameworkCore.PostgreSQL.Update.Internal.NpgsqlModificationCommandBatch.Consume(RelationalDataReader reader, Boolean async, CancellationToken cancellationToken)
   at Microsoft.EntityFrameworkCore.Update.ReaderModificationCommandBatch.ExecuteAsync(IRelationalConnection connection, CancellationToken cancellationToken)
   at Microsoft.EntityFrameworkCore.Update.ReaderModificationCommandBatch.ExecuteAsync(IRelationalConnection connection, CancellationToken cancellationToken)
   at Microsoft.EntityFrameworkCore.Update.Internal.BatchExecutor.ExecuteAsync(IEnumerable`1 commandBatches, IRelationalConnection connection, CancellationToken cancellationToken)
   at Microsoft.EntityFrameworkCore.Update.Internal.BatchExecutor.ExecuteAsync(IEnumerable`1 commandBatches, IRelationalConnection connection, CancellationToken cancellationToken)
   at Microsoft.EntityFrameworkCore.Update.Internal.BatchExecutor.ExecuteAsync(IEnumerable`1 commandBatches, IRelationalConnection connection, CancellationToken cancellationToken)
   at Microsoft.EntityFrameworkCore.Storage.RelationalDatabase.SaveChangesAsync(IList`1 entries, CancellationToken cancellationToken)
   at Microsoft.EntityFrameworkCore.ChangeTracking.Internal.StateManager.SaveChangesAsync(IList`1 entriesToSave, CancellationToken cancellationToken)
   at Microsoft.EntityFrameworkCore.ChangeTracking.Internal.StateManager.SaveChangesAsync(StateManager stateManager, Boolean acceptAllChangesOnSuccess, CancellationToken cancellationToken)
   at Npgsql.EntityFrameworkCore.PostgreSQL.Storage.Internal.NpgsqlExecutionStrategy.ExecuteAsync[TState,TResult](TState state, Func`4 operation, Func`4 verifySucceeded, CancellationToken cancellationToken)
   at Microsoft.EntityFrameworkCore.DbContext.SaveChangesAsync(Boolean acceptAllChangesOnSuccess, CancellationToken cancellationToken)
2026-04-25 13:18:53.389 +07:00 [WRN] ⚠️ Failed to seed test data: An error occurred while saving the entity changes. See the inner exception for details.
2026-04-25 13:18:53.390 +07:00 [INF] ✅ Database seeding completed successfully!
2026-04-25 13:20:28.615 +07:00 [INF] HTTP GET /admin/products responded 200 in 426.4133 ms
2026-04-25 13:20:28.654 +07:00 [INF] HTTP GET /css/site.css responded 304 in 5.0204 ms
2026-04-25 13:20:29.031 +07:00 [INF] HTTP GET /favicon.ico responded 304 in 0.4682 ms
2026-04-25 13:20:32.710 +07:00 [INF] HTTP GET /admin/categories responded 200 in 99.5054 ms
2026-04-25 13:20:32.812 +07:00 [WRN] The query uses the 'First'/'FirstOrDefault' operator without 'OrderBy' and filter operators. This may lead to unpredictable results.
2026-04-25 13:20:33.055 +07:00 [INF] HTTP GET /uploads/categories/khung-ao.jpg responded 404 in 300.7416 ms
2026-04-25 13:20:33.055 +07:00 [INF] HTTP GET /uploads/categories/phu-kien.jpg responded 404 in 300.6298 ms
2026-04-25 13:20:33.055 +07:00 [INF] HTTP GET /uploads/categories/may-cho-an.jpg responded 404 in 325.1317 ms
2026-04-25 13:20:33.055 +07:00 [INF] HTTP GET /uploads/categories/may-suc-khi.jpg responded 404 in 322.0454 ms
2026-04-25 13:20:36.043 +07:00 [INF] HTTP GET /admin/partnercategories responded 200 in 62.4316 ms
2026-04-25 13:20:36.988 +07:00 [INF] HTTP GET /admin/knowledgecategories responded 200 in 61.3705 ms
2026-04-25 13:20:37.716 +07:00 [INF] HTTP GET /admin/messages responded 200 in 33.5271 ms
2026-04-25 13:20:38.582 +07:00 [INF] HTTP GET /admin/banners responded 200 in 33.1846 ms
2026-04-25 13:20:41.530 +07:00 [INF] HTTP GET /admin/profile responded 404 in 36.0511 ms
2026-04-25 13:20:41.563 +07:00 [INF] HTTP GET /js/site.js responded 304 in 0.5617 ms
2026-04-25 13:20:41.677 +07:00 [INF] HTTP POST /hubs/chat/negotiate responded 200 in 10.7988 ms
2026-04-25 13:20:44.325 +07:00 [INF] HTTP GET /hubs/chat responded 101 in 2627.8427 ms
2026-04-25 13:20:45.608 +07:00 [INF] HTTP GET /admin/settings responded 200 in 334.1427 ms
2026-04-25 13:20:55.906 +07:00 [INF] HTTP GET /admin responded 200 in 187.3475 ms
2026-04-25 13:20:57.153 +07:00 [INF] HTTP GET /admin/products responded 200 in 15.3393 ms
2026-04-25 13:26:27.713 +07:00 [INF] ✅ Kết nối Database thành công.
2026-04-25 13:26:27.751 +07:00 [INF] ⏳ Đang kiểm tra cấu trúc Database...
2026-04-25 13:26:28.123 +07:00 [INF] ✅ Cấu trúc Database đã sẵn sàng.
2026-04-25 13:26:28.156 +07:00 [INF] ✅ Checked/Created implicit cast for user_role
2026-04-25 13:26:28.163 +07:00 [INF] ✅ Checked/Created implicit cast for product_status
2026-04-25 13:26:28.164 +07:00 [INF] ⏳ Checking for admin user...
2026-04-25 13:26:28.211 +07:00 [INF] ✅ Admin check completed
2026-04-25 13:26:28.213 +07:00 [INF] ✅ Admin user already exists
2026-04-25 13:26:28.214 +07:00 [INF] ⏳ Checking for placeholder users...
2026-04-25 13:26:28.281 +07:00 [INF] ✅ Placeholder users check completed
2026-04-25 13:26:28.283 +07:00 [INF] ⏳ Checking SiteSettings...
2026-04-25 13:26:28.293 +07:00 [INF] ✅ SiteSettings already exists
2026-04-25 13:26:28.294 +07:00 [INF] ⏳ Checking for test data...
2026-04-25 13:26:28.312 +07:00 [INF] ⏭️  Test data seeding started...
2026-04-25 13:26:28.972 +07:00 [INF] ✅ Seed test data hoàn tất: 18 sản phẩm, 6 bài viết, 3 đối tác, 2 banners
2026-04-25 13:26:28.979 +07:00 [INF] ✅ Test data check completed
2026-04-25 13:26:28.980 +07:00 [INF] ✅ Database seeding completed successfully!
2026-04-25 13:31:11.025 +07:00 [INF] HTTP GET /admin/products responded 200 in 441.3804 ms
2026-04-25 13:31:35.303 +07:00 [INF] HTTP GET /admin/categories responded 200 in 137.2925 ms
2026-04-25 13:31:35.433 +07:00 [WRN] The query uses the 'First'/'FirstOrDefault' operator without 'OrderBy' and filter operators. This may lead to unpredictable results.
2026-04-25 13:31:35.841 +07:00 [INF] HTTP GET /uploads/categories/may-suc-khi.jpg responded 404 in 486.8647 ms
2026-04-25 13:31:35.841 +07:00 [INF] HTTP GET /uploads/categories/phu-kien.jpg responded 404 in 484.4330 ms
2026-04-25 13:31:35.841 +07:00 [INF] HTTP GET /uploads/categories/khung-ao.jpg responded 404 in 486.8823 ms
2026-04-25 13:31:35.841 +07:00 [INF] HTTP GET /uploads/categories/may-cho-an.jpg responded 404 in 514.6913 ms
2026-04-25 13:31:39.899 +07:00 [INF] HTTP GET /admin/partners responded 200 in 482.1224 ms
2026-04-25 13:31:41.507 +07:00 [INF] HTTP GET /admin/users responded 200 in 110.7992 ms
2026-04-25 13:31:43.310 +07:00 [INF] HTTP GET /admin/activity responded 200 in 166.5064 ms
2026-04-25 13:31:46.116 +07:00 [INF] HTTP GET / responded 200 in 257.8212 ms
2026-04-25 13:31:46.211 +07:00 [INF] HTTP GET /uploads/categories/may-suc-khi.jpg responded 404 in 2.6013 ms
2026-04-25 13:31:46.212 +07:00 [INF] HTTP GET /uploads/categories/may-cho-an.jpg responded 404 in 3.6021 ms
2026-04-25 13:31:46.215 +07:00 [INF] HTTP GET /uploads/categories/khung-ao.jpg responded 404 in 2.5662 ms
2026-04-25 13:31:46.215 +07:00 [INF] HTTP GET /uploads/categories/phu-kien.jpg responded 404 in 2.7301 ms
2026-04-25 13:31:46.231 +07:00 [INF] HTTP POST /hubs/chat/negotiate responded 200 in 15.0069 ms
2026-04-25 13:32:09.410 +07:00 [INF] HTTP GET /san-pham responded 200 in 147.9807 ms
2026-04-25 13:32:09.814 +07:00 [INF] HTTP POST /hubs/chat/negotiate responded 200 in 0.8946 ms
2026-04-25 13:32:09.820 +07:00 [INF] HTTP GET /hubs/chat responded 101 in 23480.8887 ms
2026-04-25 13:32:12.573 +07:00 [INF] HTTP GET /san-pham/luoi-che-nang-70-9 responded 200 in 98.3426 ms
2026-04-25 13:32:12.943 +07:00 [INF] HTTP POST /hubs/chat/negotiate responded 200 in 0.6931 ms
2026-04-25 13:32:12.980 +07:00 [INF] HTTP GET /hubs/chat responded 101 in 3111.8683 ms
2026-04-25 13:32:23.248 +07:00 [INF] HTTP GET /uploads/categories/phu-kien.jpg responded 404 in 1.6883 ms
2026-04-25 13:32:23.248 +07:00 [INF] HTTP GET /uploads/categories/may-suc-khi.jpg responded 404 in 2.2866 ms
2026-04-25 13:32:23.248 +07:00 [INF] HTTP GET /uploads/categories/khung-ao.jpg responded 404 in 1.7001 ms
2026-04-25 13:32:23.248 +07:00 [INF] HTTP GET /uploads/categories/may-cho-an.jpg responded 404 in 2.3839 ms
2026-04-25 13:32:23.291 +07:00 [INF] HTTP GET /hubs/chat responded 101 in 10275.1741 ms
2026-04-25 13:32:23.304 +07:00 [INF] HTTP POST /hubs/chat/negotiate responded 200 in 0.3689 ms
2026-04-25 13:32:26.850 +07:00 [INF] HTTP GET /admin/categories responded 200 in 8.4978 ms
2026-04-25 13:32:26.884 +07:00 [INF] HTTP GET /uploads/categories/may-cho-an.jpg responded 404 in 2.3464 ms
2026-04-25 13:32:26.887 +07:00 [INF] HTTP GET /css/site.css responded 304 in 4.9735 ms
2026-04-25 13:32:26.914 +07:00 [INF] HTTP GET /uploads/categories/may-suc-khi.jpg responded 404 in 1.5633 ms
2026-04-25 13:32:26.917 +07:00 [INF] HTTP GET /uploads/categories/khung-ao.jpg responded 404 in 1.5719 ms
2026-04-25 13:32:26.921 +07:00 [INF] HTTP GET /uploads/categories/phu-kien.jpg responded 404 in 1.5917 ms
2026-04-25 13:32:30.725 +07:00 [INF] HTTP GET /admin/products responded 200 in 67.6935 ms
2026-04-25 13:32:33.624 +07:00 [INF] HTTP GET /admin/products/edit/dd2340b4-c403-45f4-b46c-2a2f22b04d82 responded 200 in 228.0448 ms
2026-04-25 13:33:03.422 +07:00 [INF] HTTP GET /admin/products/edit/dd2340b4-c403-45f4-b46c-2a2f22b04d82 responded 200 in 13.1685 ms
2026-04-25 13:33:29.850 +07:00 [INF] HTTP GET /admin/products/edit/dd2340b4-c403-45f4-b46c-2a2f22b04d82 responded 200 in 11.4531 ms
2026-04-25 13:33:30.924 +07:00 [INF] HTTP GET /admin/products/edit/dd2340b4-c403-45f4-b46c-2a2f22b04d82 responded 200 in 9.6523 ms
2026-04-25 13:33:31.728 +07:00 [INF] HTTP GET /admin/products/edit/dd2340b4-c403-45f4-b46c-2a2f22b04d82 responded 200 in 29.0176 ms
2026-04-25 13:33:32.022 +07:00 [INF] HTTP GET /admin/products/edit/dd2340b4-c403-45f4-b46c-2a2f22b04d82 responded 200 in 7.1159 ms
2026-04-25 13:33:32.332 +07:00 [INF] HTTP GET /admin/products/edit/dd2340b4-c403-45f4-b46c-2a2f22b04d82 responded 200 in 7.7096 ms
2026-04-25 13:33:32.642 +07:00 [INF] HTTP GET /admin/products/edit/dd2340b4-c403-45f4-b46c-2a2f22b04d82 responded 200 in 7.1468 ms
2026-04-25 13:33:33.406 +07:00 [INF] HTTP GET /admin/products/edit/dd2340b4-c403-45f4-b46c-2a2f22b04d82 responded 200 in 6.8422 ms
2026-04-25 13:33:33.876 +07:00 [INF] HTTP GET /admin/products/edit/dd2340b4-c403-45f4-b46c-2a2f22b04d82 responded 200 in 6.7026 ms
2026-04-25 13:33:34.227 +07:00 [INF] HTTP GET /admin/products/edit/dd2340b4-c403-45f4-b46c-2a2f22b04d82 responded 200 in 7.0605 ms
2026-04-25 13:34:12.352 +07:00 [INF] HTTP GET /hubs/chat responded 101 in 108958.8862 ms
2026-04-25 15:58:41.652 +07:00 [INF] HTTP POST /hubs/chat/negotiate responded 200 in 0.5989 ms
2026-04-25 16:04:16.973 +07:00 [INF] HTTP GET /admin/products/edit/dd2340b4-c403-45f4-b46c-2a2f22b04d82 responded 200 in 37.3167 ms
2026-04-25 16:04:16.997 +07:00 [INF] HTTP GET /css/site.css responded 304 in 0.2330 ms
2026-04-25 16:04:16.997 +07:00 [INF] HTTP GET /css/admin.css responded 304 in 0.7203 ms
2026-04-25 16:04:17.310 +07:00 [INF] HTTP GET /favicon.ico responded 304 in 0.2058 ms
2026-04-25 16:04:20.776 +07:00 [INF] HTTP GET /hubs/chat responded 101 in 339084.7211 ms
2026-04-25 16:04:20.781 +07:00 [INF] HTTP GET / responded 200 in 36.1385 ms
2026-04-25 16:04:20.797 +07:00 [INF] HTTP GET /css/site.css responded 304 in 0.1503 ms
2026-04-25 16:04:20.797 +07:00 [INF] HTTP GET /js/site.js responded 304 in 0.1629 ms
2026-04-25 16:04:21.035 +07:00 [INF] HTTP GET /uploads/categories/may-cho-an.jpg responded 404 in 2.5264 ms
2026-04-25 16:04:21.035 +07:00 [INF] HTTP GET /uploads/categories/may-suc-khi.jpg responded 404 in 2.5103 ms
2026-04-25 16:04:21.036 +07:00 [INF] HTTP GET /uploads/categories/phu-kien.jpg responded 404 in 1.2241 ms
2026-04-25 16:04:21.036 +07:00 [INF] HTTP GET /uploads/categories/khung-ao.jpg responded 404 in 1.3441 ms
2026-04-25 16:04:21.038 +07:00 [INF] HTTP POST /hubs/chat/negotiate responded 200 in 0.4891 ms
2026-04-25 16:10:57.533 +07:00 [INF] Cập nhật sản phẩm: Hệ thống lọc tuần hoàn RAS (ID: "dd2340b4-c403-45f4-b46c-2a2f22b04d82")
2026-04-25 16:10:57.593 +07:00 [ERR] Failed executing DbCommand (13ms) [Parameters=[@p0='?', @p1='?' (DbType = DateTime), @p2='?', @p3='?', @p4='?', @p5='?', @p6='?', @p7='?', @p8='?' (DbType = Guid), @p9='?'], CommandType='"Text"', CommandTimeout='30']
INSERT INTO activity_logs (action, created_at, description, entity_id, entity_type, ip_address, severity, user_agent, user_id, user_name)
VALUES (@p0, @p1, @p2, @p3, @p4, @p5, @p6, @p7, @p8, @p9)
RETURNING id;
2026-04-25 16:10:57.611 +07:00 [ERR] An exception occurred in the database while saving changes for context type 'AquaCMS.Data.AppDbContext'.
Microsoft.EntityFrameworkCore.DbUpdateException: An error occurred while saving the entity changes. See the inner exception for details.
 ---> Npgsql.PostgresException (0x80004005): 23503: insert or update on table "activity_logs" violates foreign key constraint "activity_logs_user_id_fkey"

DETAIL: Detail redacted as it may contain sensitive data. Specify 'Include Error Detail' in the connection string to include this information.
   at Npgsql.Internal.NpgsqlConnector.ReadMessageLong(Boolean async, DataRowLoadingMode dataRowLoadingMode, Boolean readingNotifications, Boolean isReadingPrependedMessage)
   at System.Runtime.CompilerServices.PoolingAsyncValueTaskMethodBuilder`1.StateMachineBox`1.System.Threading.Tasks.Sources.IValueTaskSource<TResult>.GetResult(Int16 token)
   at Npgsql.NpgsqlDataReader.NextResult(Boolean async, Boolean isConsuming, CancellationToken cancellationToken)
   at Npgsql.NpgsqlDataReader.NextResult(Boolean async, Boolean isConsuming, CancellationToken cancellationToken)
   at Npgsql.NpgsqlCommand.ExecuteReader(Boolean async, CommandBehavior behavior, CancellationToken cancellationToken)
   at Npgsql.NpgsqlCommand.ExecuteReader(Boolean async, CommandBehavior behavior, CancellationToken cancellationToken)
   at Npgsql.NpgsqlCommand.ExecuteDbDataReaderAsync(CommandBehavior behavior, CancellationToken cancellationToken)
   at Microsoft.EntityFrameworkCore.Storage.RelationalCommand.ExecuteReaderAsync(RelationalCommandParameterObject parameterObject, CancellationToken cancellationToken)
   at Microsoft.EntityFrameworkCore.Storage.RelationalCommand.ExecuteReaderAsync(RelationalCommandParameterObject parameterObject, CancellationToken cancellationToken)
   at Microsoft.EntityFrameworkCore.Update.ReaderModificationCommandBatch.ExecuteAsync(IRelationalConnection connection, CancellationToken cancellationToken)
  Exception data:
    Severity: ERROR
    SqlState: 23503
    MessageText: insert or update on table "activity_logs" violates foreign key constraint "activity_logs_user_id_fkey"
    Detail: Detail redacted as it may contain sensitive data. Specify 'Include Error Detail' in the connection string to include this information.
    SchemaName: public
    TableName: activity_logs
    ConstraintName: activity_logs_user_id_fkey
    File: ri_triggers.c
    Line: 2608
    Routine: ri_ReportViolation
   --- End of inner exception stack trace ---
   at Microsoft.EntityFrameworkCore.Update.ReaderModificationCommandBatch.ExecuteAsync(IRelationalConnection connection, CancellationToken cancellationToken)
   at Microsoft.EntityFrameworkCore.Update.Internal.BatchExecutor.ExecuteAsync(IEnumerable`1 commandBatches, IRelationalConnection connection, CancellationToken cancellationToken)
   at Microsoft.EntityFrameworkCore.Update.Internal.BatchExecutor.ExecuteAsync(IEnumerable`1 commandBatches, IRelationalConnection connection, CancellationToken cancellationToken)
   at Microsoft.EntityFrameworkCore.Update.Internal.BatchExecutor.ExecuteAsync(IEnumerable`1 commandBatches, IRelationalConnection connection, CancellationToken cancellationToken)
   at Microsoft.EntityFrameworkCore.Storage.RelationalDatabase.SaveChangesAsync(IList`1 entries, CancellationToken cancellationToken)
   at Microsoft.EntityFrameworkCore.ChangeTracking.Internal.StateManager.SaveChangesAsync(IList`1 entriesToSave, CancellationToken cancellationToken)
   at Microsoft.EntityFrameworkCore.ChangeTracking.Internal.StateManager.SaveChangesAsync(StateManager stateManager, Boolean acceptAllChangesOnSuccess, CancellationToken cancellationToken)
   at Npgsql.EntityFrameworkCore.PostgreSQL.Storage.Internal.NpgsqlExecutionStrategy.ExecuteAsync[TState,TResult](TState state, Func`4 operation, Func`4 verifySucceeded, CancellationToken cancellationToken)
   at Microsoft.EntityFrameworkCore.DbContext.SaveChangesAsync(Boolean acceptAllChangesOnSuccess, CancellationToken cancellationToken)
Microsoft.EntityFrameworkCore.DbUpdateException: An error occurred while saving the entity changes. See the inner exception for details.
 ---> Npgsql.PostgresException (0x80004005): 23503: insert or update on table "activity_logs" violates foreign key constraint "activity_logs_user_id_fkey"

DETAIL: Detail redacted as it may contain sensitive data. Specify 'Include Error Detail' in the connection string to include this information.
   at Npgsql.Internal.NpgsqlConnector.ReadMessageLong(Boolean async, DataRowLoadingMode dataRowLoadingMode, Boolean readingNotifications, Boolean isReadingPrependedMessage)
   at System.Runtime.CompilerServices.PoolingAsyncValueTaskMethodBuilder`1.StateMachineBox`1.System.Threading.Tasks.Sources.IValueTaskSource<TResult>.GetResult(Int16 token)
   at Npgsql.NpgsqlDataReader.NextResult(Boolean async, Boolean isConsuming, CancellationToken cancellationToken)
   at Npgsql.NpgsqlDataReader.NextResult(Boolean async, Boolean isConsuming, CancellationToken cancellationToken)
   at Npgsql.NpgsqlCommand.ExecuteReader(Boolean async, CommandBehavior behavior, CancellationToken cancellationToken)
   at Npgsql.NpgsqlCommand.ExecuteReader(Boolean async, CommandBehavior behavior, CancellationToken cancellationToken)
   at Npgsql.NpgsqlCommand.ExecuteDbDataReaderAsync(CommandBehavior behavior, CancellationToken cancellationToken)
   at Microsoft.EntityFrameworkCore.Storage.RelationalCommand.ExecuteReaderAsync(RelationalCommandParameterObject parameterObject, CancellationToken cancellationToken)
   at Microsoft.EntityFrameworkCore.Storage.RelationalCommand.ExecuteReaderAsync(RelationalCommandParameterObject parameterObject, CancellationToken cancellationToken)
   at Microsoft.EntityFrameworkCore.Update.ReaderModificationCommandBatch.ExecuteAsync(IRelationalConnection connection, CancellationToken cancellationToken)
  Exception data:
    Severity: ERROR
    SqlState: 23503
    MessageText: insert or update on table "activity_logs" violates foreign key constraint "activity_logs_user_id_fkey"
    Detail: Detail redacted as it may contain sensitive data. Specify 'Include Error Detail' in the connection string to include this information.
    SchemaName: public
    TableName: activity_logs
    ConstraintName: activity_logs_user_id_fkey
    File: ri_triggers.c
    Line: 2608
    Routine: ri_ReportViolation
   --- End of inner exception stack trace ---
   at Microsoft.EntityFrameworkCore.Update.ReaderModificationCommandBatch.ExecuteAsync(IRelationalConnection connection, CancellationToken cancellationToken)
   at Microsoft.EntityFrameworkCore.Update.Internal.BatchExecutor.ExecuteAsync(IEnumerable`1 commandBatches, IRelationalConnection connection, CancellationToken cancellationToken)
   at Microsoft.EntityFrameworkCore.Update.Internal.BatchExecutor.ExecuteAsync(IEnumerable`1 commandBatches, IRelationalConnection connection, CancellationToken cancellationToken)
   at Microsoft.EntityFrameworkCore.Update.Internal.BatchExecutor.ExecuteAsync(IEnumerable`1 commandBatches, IRelationalConnection connection, CancellationToken cancellationToken)
   at Microsoft.EntityFrameworkCore.Storage.RelationalDatabase.SaveChangesAsync(IList`1 entries, CancellationToken cancellationToken)
   at Microsoft.EntityFrameworkCore.ChangeTracking.Internal.StateManager.SaveChangesAsync(IList`1 entriesToSave, CancellationToken cancellationToken)
   at Microsoft.EntityFrameworkCore.ChangeTracking.Internal.StateManager.SaveChangesAsync(StateManager stateManager, Boolean acceptAllChangesOnSuccess, CancellationToken cancellationToken)
   at Npgsql.EntityFrameworkCore.PostgreSQL.Storage.Internal.NpgsqlExecutionStrategy.ExecuteAsync[TState,TResult](TState state, Func`4 operation, Func`4 verifySucceeded, CancellationToken cancellationToken)
   at Microsoft.EntityFrameworkCore.DbContext.SaveChangesAsync(Boolean acceptAllChangesOnSuccess, CancellationToken cancellationToken)
2026-04-25 16:10:57.622 +07:00 [ERR] Lỗi ghi activity log: UPDATE Product
Microsoft.EntityFrameworkCore.DbUpdateException: An error occurred while saving the entity changes. See the inner exception for details.
 ---> Npgsql.PostgresException (0x80004005): 23503: insert or update on table "activity_logs" violates foreign key constraint "activity_logs_user_id_fkey"

DETAIL: Detail redacted as it may contain sensitive data. Specify 'Include Error Detail' in the connection string to include this information.
   at Npgsql.Internal.NpgsqlConnector.ReadMessageLong(Boolean async, DataRowLoadingMode dataRowLoadingMode, Boolean readingNotifications, Boolean isReadingPrependedMessage)
   at System.Runtime.CompilerServices.PoolingAsyncValueTaskMethodBuilder`1.StateMachineBox`1.System.Threading.Tasks.Sources.IValueTaskSource<TResult>.GetResult(Int16 token)
   at Npgsql.NpgsqlDataReader.NextResult(Boolean async, Boolean isConsuming, CancellationToken cancellationToken)
   at Npgsql.NpgsqlDataReader.NextResult(Boolean async, Boolean isConsuming, CancellationToken cancellationToken)
   at Npgsql.NpgsqlCommand.ExecuteReader(Boolean async, CommandBehavior behavior, CancellationToken cancellationToken)
   at Npgsql.NpgsqlCommand.ExecuteReader(Boolean async, CommandBehavior behavior, CancellationToken cancellationToken)
   at Npgsql.NpgsqlCommand.ExecuteDbDataReaderAsync(CommandBehavior behavior, CancellationToken cancellationToken)
   at Microsoft.EntityFrameworkCore.Storage.RelationalCommand.ExecuteReaderAsync(RelationalCommandParameterObject parameterObject, CancellationToken cancellationToken)
   at Microsoft.EntityFrameworkCore.Storage.RelationalCommand.ExecuteReaderAsync(RelationalCommandParameterObject parameterObject, CancellationToken cancellationToken)
   at Microsoft.EntityFrameworkCore.Update.ReaderModificationCommandBatch.ExecuteAsync(IRelationalConnection connection, CancellationToken cancellationToken)
  Exception data:
    Severity: ERROR
    SqlState: 23503
    MessageText: insert or update on table "activity_logs" violates foreign key constraint "activity_logs_user_id_fkey"
    Detail: Detail redacted as it may contain sensitive data. Specify 'Include Error Detail' in the connection string to include this information.
    SchemaName: public
    TableName: activity_logs
    ConstraintName: activity_logs_user_id_fkey
    File: ri_triggers.c
    Line: 2608
    Routine: ri_ReportViolation
   --- End of inner exception stack trace ---
   at Microsoft.EntityFrameworkCore.Update.ReaderModificationCommandBatch.ExecuteAsync(IRelationalConnection connection, CancellationToken cancellationToken)
   at Microsoft.EntityFrameworkCore.Update.Internal.BatchExecutor.ExecuteAsync(IEnumerable`1 commandBatches, IRelationalConnection connection, CancellationToken cancellationToken)
   at Microsoft.EntityFrameworkCore.Update.Internal.BatchExecutor.ExecuteAsync(IEnumerable`1 commandBatches, IRelationalConnection connection, CancellationToken cancellationToken)
   at Microsoft.EntityFrameworkCore.Update.Internal.BatchExecutor.ExecuteAsync(IEnumerable`1 commandBatches, IRelationalConnection connection, CancellationToken cancellationToken)
   at Microsoft.EntityFrameworkCore.Storage.RelationalDatabase.SaveChangesAsync(IList`1 entries, CancellationToken cancellationToken)
   at Microsoft.EntityFrameworkCore.ChangeTracking.Internal.StateManager.SaveChangesAsync(IList`1 entriesToSave, CancellationToken cancellationToken)
   at Microsoft.EntityFrameworkCore.ChangeTracking.Internal.StateManager.SaveChangesAsync(StateManager stateManager, Boolean acceptAllChangesOnSuccess, CancellationToken cancellationToken)
   at Npgsql.EntityFrameworkCore.PostgreSQL.Storage.Internal.NpgsqlExecutionStrategy.ExecuteAsync[TState,TResult](TState state, Func`4 operation, Func`4 verifySucceeded, CancellationToken cancellationToken)
   at Microsoft.EntityFrameworkCore.DbContext.SaveChangesAsync(Boolean acceptAllChangesOnSuccess, CancellationToken cancellationToken)
   at Microsoft.EntityFrameworkCore.DbContext.SaveChangesAsync(Boolean acceptAllChangesOnSuccess, CancellationToken cancellationToken)
   at AquaCMS.Services.ActivityLogService.LogAsync(String action, String entityType, String entityId, String description, String severity) in D:\Source.Net\freelance\CatalogaWeb\src\AquaCMS\Services\ActivityLogService.cs:line 65
2026-04-25 16:10:57.636 +07:00 [INF] HTTP POST /admin/products/edit/dd2340b4-c403-45f4-b46c-2a2f22b04d82 responded 302 in 194.2043 ms
2026-04-25 16:10:57.657 +07:00 [INF] HTTP GET /admin/Products responded 200 in 16.2540 ms
2026-04-25 16:11:19.193 +07:00 [INF] HTTP GET / responded 200 in 21.7247 ms
2026-04-25 16:11:19.199 +07:00 [INF] HTTP GET /hubs/chat responded 101 in 418090.3150 ms
2026-04-25 16:11:19.455 +07:00 [INF] HTTP GET /uploads/categories/may-cho-an.jpg responded 404 in 1.1244 ms
2026-04-25 16:11:19.456 +07:00 [INF] HTTP GET /uploads/categories/may-suc-khi.jpg responded 404 in 1.0897 ms
2026-04-25 16:11:19.458 +07:00 [INF] HTTP GET /uploads/categories/khung-ao.jpg responded 404 in 1.1139 ms
2026-04-25 16:11:19.462 +07:00 [INF] HTTP POST /hubs/chat/negotiate responded 200 in 0.4024 ms
2026-04-25 16:11:19.462 +07:00 [INF] HTTP GET /uploads/categories/phu-kien.jpg responded 404 in 2.4081 ms
2026-04-25 16:11:41.865 +07:00 [INF] HTTP GET /danh-muc/he-thong-loc-nuoc responded 200 in 60.5193 ms
2026-04-25 16:11:42.062 +07:00 [INF] HTTP POST /hubs/chat/negotiate responded 200 in 0.2699 ms
2026-04-25 16:11:42.096 +07:00 [INF] HTTP GET /hubs/chat responded 101 in 22547.7461 ms
2026-04-25 16:11:43.542 +07:00 [ERR] An exception occurred while iterating over the results of a query for context type 'AquaCMS.Data.AppDbContext'.
System.InvalidOperationException: A second operation was started on this context instance before a previous operation completed. This is usually caused by different threads concurrently using the same instance of DbContext. For more information on how to avoid threading issues with DbContext, see https://go.microsoft.com/fwlink/?linkid=2097913.
   at Microsoft.EntityFrameworkCore.Query.Internal.SingleQueryingEnumerable`1.AsyncEnumerator.MoveNextAsync()
System.InvalidOperationException: A second operation was started on this context instance before a previous operation completed. This is usually caused by different threads concurrently using the same instance of DbContext. For more information on how to avoid threading issues with DbContext, see https://go.microsoft.com/fwlink/?linkid=2097913.
   at Microsoft.EntityFrameworkCore.Query.Internal.SingleQueryingEnumerable`1.AsyncEnumerator.MoveNextAsync()
2026-04-25 16:11:43.546 +07:00 [ERR] An unhandled exception has occurred while executing the request.
System.InvalidOperationException: A second operation was started on this context instance before a previous operation completed. This is usually caused by different threads concurrently using the same instance of DbContext. For more information on how to avoid threading issues with DbContext, see https://go.microsoft.com/fwlink/?linkid=2097913.
   at Microsoft.EntityFrameworkCore.Query.Internal.SingleQueryingEnumerable`1.AsyncEnumerator.MoveNextAsync()
   at Microsoft.EntityFrameworkCore.EntityFrameworkQueryableExtensions.ToListAsync[TSource](IQueryable`1 source, CancellationToken cancellationToken)
   at Microsoft.EntityFrameworkCore.EntityFrameworkQueryableExtensions.ToListAsync[TSource](IQueryable`1 source, CancellationToken cancellationToken)
   at AquaCMS.Services.ProductService.GetRelatedProductsAsync(Guid productId, Nullable`1 categoryId, Int32 count) in D:\Source.Net\freelance\CatalogaWeb\src\AquaCMS\Services\ProductService.cs:line 98
   at AquaCMS.Controllers.ProductController.Detail(String slugAndId) in D:\Source.Net\freelance\CatalogaWeb\src\AquaCMS\Controllers\ProductController.cs:line 126
   at Microsoft.AspNetCore.Mvc.Infrastructure.ActionMethodExecutor.TaskOfIActionResultExecutor.Execute(ActionContext actionContext, IActionResultTypeMapper mapper, ObjectMethodExecutor executor, Object controller, Object[] arguments)
   at Microsoft.AspNetCore.Mvc.Infrastructure.ControllerActionInvoker.<InvokeActionMethodAsync>g__Awaited|12_0(ControllerActionInvoker invoker, ValueTask`1 actionResultValueTask)
   at Microsoft.AspNetCore.Mvc.Infrastructure.ControllerActionInvoker.<InvokeNextActionFilterAsync>g__Awaited|10_0(ControllerActionInvoker invoker, Task lastTask, State next, Scope scope, Object state, Boolean isCompleted)
   at Microsoft.AspNetCore.Mvc.Infrastructure.ControllerActionInvoker.Rethrow(ActionExecutedContextSealed context)
   at Microsoft.AspNetCore.Mvc.Infrastructure.ControllerActionInvoker.Next(State& next, Scope& scope, Object& state, Boolean& isCompleted)
   at Microsoft.AspNetCore.Mvc.Infrastructure.ControllerActionInvoker.<InvokeInnerFilterAsync>g__Awaited|13_0(ControllerActionInvoker invoker, Task lastTask, State next, Scope scope, Object state, Boolean isCompleted)
   at Microsoft.AspNetCore.Mvc.Infrastructure.ResourceInvoker.<InvokeNextResourceFilter>g__Awaited|25_0(ResourceInvoker invoker, Task lastTask, State next, Scope scope, Object state, Boolean isCompleted)
   at Microsoft.AspNetCore.Mvc.Infrastructure.ResourceInvoker.Rethrow(ResourceExecutedContextSealed context)
   at Microsoft.AspNetCore.Mvc.Infrastructure.ResourceInvoker.Next(State& next, Scope& scope, Object& state, Boolean& isCompleted)
   at Microsoft.AspNetCore.Mvc.Infrastructure.ResourceInvoker.<InvokeFilterPipelineAsync>g__Awaited|20_0(ResourceInvoker invoker, Task lastTask, State next, Scope scope, Object state, Boolean isCompleted)
   at Microsoft.AspNetCore.Mvc.Infrastructure.ResourceInvoker.<InvokeAsync>g__Awaited|17_0(ResourceInvoker invoker, Task task, IDisposable scope)
   at Microsoft.AspNetCore.Mvc.Infrastructure.ResourceInvoker.<InvokeAsync>g__Awaited|17_0(ResourceInvoker invoker, Task task, IDisposable scope)
   at Microsoft.AspNetCore.Authorization.AuthorizationMiddleware.Invoke(HttpContext context)
   at Microsoft.AspNetCore.Authentication.AuthenticationMiddleware.Invoke(HttpContext context)
   at Microsoft.AspNetCore.Diagnostics.StatusCodePagesMiddleware.Invoke(HttpContext context)
   at AquaCMS.Modules.Core.Middleware.PageViewTrackingMiddleware.InvokeAsync(HttpContext ctx) in D:\Source.Net\freelance\CatalogaWeb\src\AquaCMS\Modules\Core\Middleware\PageViewTrackingMiddleware.cs:line 43
   at Microsoft.AspNetCore.Diagnostics.DeveloperExceptionPageMiddlewareImpl.Invoke(HttpContext context)
2026-04-25 16:11:43.570 +07:00 [ERR] HTTP GET /san-pham/he-thong-loc-tuan-hoan-ras-10 responded 500 in 47.0392 ms
2026-04-25 16:11:43.611 +07:00 [INF] HTTP GET /hubs/chat responded 101 in 1482.5901 ms
2026-04-25 16:11:45.507 +07:00 [INF] HTTP POST /hubs/chat/negotiate responded 200 in 0.3322 ms
2026-04-25 16:11:45.929 +07:00 [ERR] An exception occurred while iterating over the results of a query for context type 'AquaCMS.Data.AppDbContext'.
System.InvalidOperationException: A second operation was started on this context instance before a previous operation completed. This is usually caused by different threads concurrently using the same instance of DbContext. For more information on how to avoid threading issues with DbContext, see https://go.microsoft.com/fwlink/?linkid=2097913.
   at Microsoft.EntityFrameworkCore.Query.Internal.SingleQueryingEnumerable`1.AsyncEnumerator.MoveNextAsync()
System.InvalidOperationException: A second operation was started on this context instance before a previous operation completed. This is usually caused by different threads concurrently using the same instance of DbContext. For more information on how to avoid threading issues with DbContext, see https://go.microsoft.com/fwlink/?linkid=2097913.
   at Microsoft.EntityFrameworkCore.Query.Internal.SingleQueryingEnumerable`1.AsyncEnumerator.MoveNextAsync()
2026-04-25 16:11:45.935 +07:00 [ERR] An unhandled exception has occurred while executing the request.
System.InvalidOperationException: A second operation was started on this context instance before a previous operation completed. This is usually caused by different threads concurrently using the same instance of DbContext. For more information on how to avoid threading issues with DbContext, see https://go.microsoft.com/fwlink/?linkid=2097913.
   at Microsoft.EntityFrameworkCore.Query.Internal.SingleQueryingEnumerable`1.AsyncEnumerator.MoveNextAsync()
   at Microsoft.EntityFrameworkCore.EntityFrameworkQueryableExtensions.ToListAsync[TSource](IQueryable`1 source, CancellationToken cancellationToken)
   at Microsoft.EntityFrameworkCore.EntityFrameworkQueryableExtensions.ToListAsync[TSource](IQueryable`1 source, CancellationToken cancellationToken)
   at AquaCMS.Services.ProductService.GetRelatedProductsAsync(Guid productId, Nullable`1 categoryId, Int32 count) in D:\Source.Net\freelance\CatalogaWeb\src\AquaCMS\Services\ProductService.cs:line 98
   at AquaCMS.Controllers.ProductController.Detail(String slugAndId) in D:\Source.Net\freelance\CatalogaWeb\src\AquaCMS\Controllers\ProductController.cs:line 126
   at Microsoft.AspNetCore.Mvc.Infrastructure.ActionMethodExecutor.TaskOfIActionResultExecutor.Execute(ActionContext actionContext, IActionResultTypeMapper mapper, ObjectMethodExecutor executor, Object controller, Object[] arguments)
   at Microsoft.AspNetCore.Mvc.Infrastructure.ControllerActionInvoker.<InvokeActionMethodAsync>g__Awaited|12_0(ControllerActionInvoker invoker, ValueTask`1 actionResultValueTask)
   at Microsoft.AspNetCore.Mvc.Infrastructure.ControllerActionInvoker.<InvokeNextActionFilterAsync>g__Awaited|10_0(ControllerActionInvoker invoker, Task lastTask, State next, Scope scope, Object state, Boolean isCompleted)
   at Microsoft.AspNetCore.Mvc.Infrastructure.ControllerActionInvoker.Rethrow(ActionExecutedContextSealed context)
   at Microsoft.AspNetCore.Mvc.Infrastructure.ControllerActionInvoker.Next(State& next, Scope& scope, Object& state, Boolean& isCompleted)
   at Microsoft.AspNetCore.Mvc.Infrastructure.ControllerActionInvoker.<InvokeInnerFilterAsync>g__Awaited|13_0(ControllerActionInvoker invoker, Task lastTask, State next, Scope scope, Object state, Boolean isCompleted)
   at Microsoft.AspNetCore.Mvc.Infrastructure.ResourceInvoker.<InvokeNextResourceFilter>g__Awaited|25_0(ResourceInvoker invoker, Task lastTask, State next, Scope scope, Object state, Boolean isCompleted)
   at Microsoft.AspNetCore.Mvc.Infrastructure.ResourceInvoker.Rethrow(ResourceExecutedContextSealed context)
   at Microsoft.AspNetCore.Mvc.Infrastructure.ResourceInvoker.Next(State& next, Scope& scope, Object& state, Boolean& isCompleted)
   at Microsoft.AspNetCore.Mvc.Infrastructure.ResourceInvoker.<InvokeFilterPipelineAsync>g__Awaited|20_0(ResourceInvoker invoker, Task lastTask, State next, Scope scope, Object state, Boolean isCompleted)
   at Microsoft.AspNetCore.Mvc.Infrastructure.ResourceInvoker.<InvokeAsync>g__Awaited|17_0(ResourceInvoker invoker, Task task, IDisposable scope)
   at Microsoft.AspNetCore.Mvc.Infrastructure.ResourceInvoker.<InvokeAsync>g__Awaited|17_0(ResourceInvoker invoker, Task task, IDisposable scope)
   at Microsoft.AspNetCore.Authorization.AuthorizationMiddleware.Invoke(HttpContext context)
   at Microsoft.AspNetCore.Authentication.AuthenticationMiddleware.Invoke(HttpContext context)
   at Microsoft.AspNetCore.Diagnostics.StatusCodePagesMiddleware.Invoke(HttpContext context)
   at AquaCMS.Modules.Core.Middleware.PageViewTrackingMiddleware.InvokeAsync(HttpContext ctx) in D:\Source.Net\freelance\CatalogaWeb\src\AquaCMS\Modules\Core\Middleware\PageViewTrackingMiddleware.cs:line 43
   at Microsoft.AspNetCore.Diagnostics.DeveloperExceptionPageMiddlewareImpl.Invoke(HttpContext context)
2026-04-25 16:11:45.945 +07:00 [ERR] HTTP GET /san-pham/loc-sinh-hoc-moving-bed-2 responded 500 in 18.9500 ms
2026-04-25 16:11:45.970 +07:00 [INF] HTTP GET /hubs/chat responded 101 in 437.6218 ms
2026-04-25 16:11:53.799 +07:00 [INF] HTTP POST /hubs/chat/negotiate responded 200 in 0.4524 ms
2026-04-25 16:11:55.762 +07:00 [INF] HTTP GET /san-pham responded 200 in 16.7417 ms
2026-04-25 16:11:55.995 +07:00 [INF] HTTP POST /hubs/chat/negotiate responded 200 in 0.4055 ms
2026-04-25 16:11:56.036 +07:00 [INF] HTTP GET /hubs/chat responded 101 in 2212.2398 ms
2026-04-25 16:11:56.795 +07:00 [INF] HTTP GET /kien-thuc responded 200 in 74.2589 ms
2026-04-25 16:11:56.939 +07:00 [INF] HTTP POST /hubs/chat/negotiate responded 200 in 0.2573 ms
2026-04-25 16:11:56.966 +07:00 [INF] HTTP GET /hubs/chat responded 101 in 896.7685 ms
2026-04-25 16:11:57.646 +07:00 [INF] HTTP GET /kien-thuc/quan-ly-oxy-hoa-tan-trong-ao-nuoi-tom-6 responded 200 in 39.7980 ms
2026-04-25 16:11:57.794 +07:00 [INF] HTTP POST /hubs/chat/negotiate responded 200 in 0.2166 ms
2026-04-25 16:11:57.816 +07:00 [INF] HTTP GET /hubs/chat responded 101 in 830.7411 ms
2026-04-25 16:12:00.517 +07:00 [INF] HTTP POST /hubs/chat/negotiate responded 200 in 0.1959 ms
2026-04-25 16:12:00.540 +07:00 [INF] HTTP GET /hubs/chat responded 101 in 2708.1317 ms
2026-04-25 16:12:01.447 +07:00 [INF] HTTP POST /hubs/chat/negotiate responded 200 in 0.2893 ms
2026-04-25 16:12:01.480 +07:00 [INF] HTTP GET /hubs/chat responded 101 in 916.5844 ms
2026-04-25 16:12:03.391 +07:00 [ERR] An exception occurred while iterating over the results of a query for context type 'AquaCMS.Data.AppDbContext'.
System.InvalidOperationException: A second operation was started on this context instance before a previous operation completed. This is usually caused by different threads concurrently using the same instance of DbContext. For more information on how to avoid threading issues with DbContext, see https://go.microsoft.com/fwlink/?linkid=2097913.
   at Microsoft.EntityFrameworkCore.Query.Internal.SingleQueryingEnumerable`1.AsyncEnumerator.MoveNextAsync()
System.InvalidOperationException: A second operation was started on this context instance before a previous operation completed. This is usually caused by different threads concurrently using the same instance of DbContext. For more information on how to avoid threading issues with DbContext, see https://go.microsoft.com/fwlink/?linkid=2097913.
   at Microsoft.EntityFrameworkCore.Query.Internal.SingleQueryingEnumerable`1.AsyncEnumerator.MoveNextAsync()
2026-04-25 16:12:03.396 +07:00 [ERR] An unhandled exception has occurred while executing the request.
System.InvalidOperationException: A second operation was started on this context instance before a previous operation completed. This is usually caused by different threads concurrently using the same instance of DbContext. For more information on how to avoid threading issues with DbContext, see https://go.microsoft.com/fwlink/?linkid=2097913.
   at Microsoft.EntityFrameworkCore.Query.Internal.SingleQueryingEnumerable`1.AsyncEnumerator.MoveNextAsync()
   at Microsoft.EntityFrameworkCore.EntityFrameworkQueryableExtensions.ToListAsync[TSource](IQueryable`1 source, CancellationToken cancellationToken)
   at Microsoft.EntityFrameworkCore.EntityFrameworkQueryableExtensions.ToListAsync[TSource](IQueryable`1 source, CancellationToken cancellationToken)
   at AquaCMS.Services.ProductService.GetRelatedProductsAsync(Guid productId, Nullable`1 categoryId, Int32 count) in D:\Source.Net\freelance\CatalogaWeb\src\AquaCMS\Services\ProductService.cs:line 98
   at AquaCMS.Controllers.ProductController.Detail(String slugAndId) in D:\Source.Net\freelance\CatalogaWeb\src\AquaCMS\Controllers\ProductController.cs:line 126
   at Microsoft.AspNetCore.Mvc.Infrastructure.ActionMethodExecutor.TaskOfIActionResultExecutor.Execute(ActionContext actionContext, IActionResultTypeMapper mapper, ObjectMethodExecutor executor, Object controller, Object[] arguments)
   at Microsoft.AspNetCore.Mvc.Infrastructure.ControllerActionInvoker.<InvokeActionMethodAsync>g__Awaited|12_0(ControllerActionInvoker invoker, ValueTask`1 actionResultValueTask)
   at Microsoft.AspNetCore.Mvc.Infrastructure.ControllerActionInvoker.<InvokeNextActionFilterAsync>g__Awaited|10_0(ControllerActionInvoker invoker, Task lastTask, State next, Scope scope, Object state, Boolean isCompleted)
   at Microsoft.AspNetCore.Mvc.Infrastructure.ControllerActionInvoker.Rethrow(ActionExecutedContextSealed context)
   at Microsoft.AspNetCore.Mvc.Infrastructure.ControllerActionInvoker.Next(State& next, Scope& scope, Object& state, Boolean& isCompleted)
   at Microsoft.AspNetCore.Mvc.Infrastructure.ControllerActionInvoker.<InvokeInnerFilterAsync>g__Awaited|13_0(ControllerActionInvoker invoker, Task lastTask, State next, Scope scope, Object state, Boolean isCompleted)
   at Microsoft.AspNetCore.Mvc.Infrastructure.ResourceInvoker.<InvokeNextResourceFilter>g__Awaited|25_0(ResourceInvoker invoker, Task lastTask, State next, Scope scope, Object state, Boolean isCompleted)
   at Microsoft.AspNetCore.Mvc.Infrastructure.ResourceInvoker.Rethrow(ResourceExecutedContextSealed context)
   at Microsoft.AspNetCore.Mvc.Infrastructure.ResourceInvoker.Next(State& next, Scope& scope, Object& state, Boolean& isCompleted)
   at Microsoft.AspNetCore.Mvc.Infrastructure.ResourceInvoker.<InvokeFilterPipelineAsync>g__Awaited|20_0(ResourceInvoker invoker, Task lastTask, State next, Scope scope, Object state, Boolean isCompleted)
   at Microsoft.AspNetCore.Mvc.Infrastructure.ResourceInvoker.<InvokeAsync>g__Awaited|17_0(ResourceInvoker invoker, Task task, IDisposable scope)
   at Microsoft.AspNetCore.Mvc.Infrastructure.ResourceInvoker.<InvokeAsync>g__Awaited|17_0(ResourceInvoker invoker, Task task, IDisposable scope)
   at Microsoft.AspNetCore.Authorization.AuthorizationMiddleware.Invoke(HttpContext context)
   at Microsoft.AspNetCore.Authentication.AuthenticationMiddleware.Invoke(HttpContext context)
   at Microsoft.AspNetCore.Diagnostics.StatusCodePagesMiddleware.Invoke(HttpContext context)
   at AquaCMS.Modules.Core.Middleware.PageViewTrackingMiddleware.InvokeAsync(HttpContext ctx) in D:\Source.Net\freelance\CatalogaWeb\src\AquaCMS\Modules\Core\Middleware\PageViewTrackingMiddleware.cs:line 43
   at Microsoft.AspNetCore.Diagnostics.DeveloperExceptionPageMiddlewareImpl.Invoke(HttpContext context)
2026-04-25 16:12:03.407 +07:00 [ERR] HTTP GET /san-pham/loc-sinh-hoc-moving-bed-2 responded 500 in 18.9441 ms
2026-04-25 16:12:03.432 +07:00 [INF] HTTP GET /hubs/chat responded 101 in 1932.4052 ms
2026-04-25 16:12:04.807 +07:00 [INF] HTTP POST /hubs/chat/negotiate responded 200 in 0.2619 ms
2026-04-25 16:12:14.813 +07:00 [INF] HTTP GET /admin/products responded 200 in 10.1453 ms
2026-04-25 16:15:33.366 +07:00 [INF] HTTP GET /admin/products responded 200 in 13.8574 ms
2026-04-25 16:15:41.004 +07:00 [INF] HTTP GET /admin/products/edit/dd2340b4-c403-45f4-b46c-2a2f22b04d82 responded 200 in 10.1468 ms
2026-04-25 16:15:46.734 +07:00 [INF] HTTP GET /admin/products/edit/dd2340b4-c403-45f4-b46c-2a2f22b04d82 responded 200 in 7.3730 ms
2026-04-25 16:15:47.590 +07:00 [INF] HTTP GET /admin/products/edit/dd2340b4-c403-45f4-b46c-2a2f22b04d82 responded 200 in 7.3287 ms
2026-04-25 16:15:48.308 +07:00 [INF] HTTP GET /admin/products/edit/dd2340b4-c403-45f4-b46c-2a2f22b04d82 responded 200 in 6.0042 ms
2026-04-25 16:15:48.789 +07:00 [INF] HTTP GET /admin/products/edit/dd2340b4-c403-45f4-b46c-2a2f22b04d82 responded 200 in 6.9523 ms
2026-04-25 16:15:49.153 +07:00 [INF] HTTP GET /admin/products/edit/dd2340b4-c403-45f4-b46c-2a2f22b04d82 responded 200 in 6.6903 ms
2026-04-25 16:15:49.318 +07:00 [INF] HTTP GET /admin/products/edit/dd2340b4-c403-45f4-b46c-2a2f22b04d82 responded 200 in 7.6845 ms
2026-04-25 16:15:49.639 +07:00 [INF] HTTP GET /admin/products/edit/dd2340b4-c403-45f4-b46c-2a2f22b04d82 responded 200 in 8.3927 ms
2026-04-25 16:15:49.980 +07:00 [INF] HTTP GET /admin/products/edit/dd2340b4-c403-45f4-b46c-2a2f22b04d82 responded 200 in 6.9377 ms
2026-04-25 16:15:50.296 +07:00 [INF] HTTP GET /admin/products/edit/dd2340b4-c403-45f4-b46c-2a2f22b04d82 responded 200 in 6.9752 ms
