2026-04-28 16:22:12.627 +07:00 [INF] ✅ Kết nối Database thành công.
2026-04-28 16:22:12.686 +07:00 [INF] ⏳ Đang kiểm tra cấu trúc Database...
2026-04-28 16:22:13.180 +07:00 [INF] ✅ Cấu trúc Database đã sẵn sàng.
2026-04-28 16:22:13.206 +07:00 [INF] ✅ Checked/Created implicit cast for user_role
2026-04-28 16:22:13.213 +07:00 [INF] ✅ Checked/Created implicit cast for product_status
2026-04-28 16:22:13.215 +07:00 [INF] ⏳ Checking for admin user...
2026-04-28 16:22:13.285 +07:00 [INF] ✅ Admin check completed
2026-04-28 16:22:13.287 +07:00 [INF] ✅ Admin user already exists
2026-04-28 16:22:13.290 +07:00 [INF] ⏳ Checking for placeholder users...
2026-04-28 16:22:13.396 +07:00 [INF] ✅ Placeholder users check completed
2026-04-28 16:22:13.399 +07:00 [INF] ⏳ Checking SiteSettings...
2026-04-28 16:22:13.416 +07:00 [INF] ✅ SiteSettings already exists
2026-04-28 16:22:13.418 +07:00 [INF] ⏳ Checking for test data...
2026-04-28 16:22:13.445 +07:00 [INF] ⏭️ Test data already exists, skipping seeding.
2026-04-28 16:22:13.447 +07:00 [INF] ✅ Test data check completed
2026-04-28 16:22:13.450 +07:00 [INF] ✅ Database seeding completed successfully!
2026-04-28 16:22:39.368 +07:00 [INF] HTTP GET /admin responded 200 in 511.4747 ms
2026-04-28 16:22:43.573 +07:00 [WRN] The query uses the 'First'/'FirstOrDefault' operator without 'OrderBy' and filter operators. This may lead to unpredictable results.
2026-04-28 16:22:44.317 +07:00 [INF] HTTP GET / responded 200 in 851.9650 ms
2026-04-28 16:22:44.431 +07:00 [INF] HTTP POST /hubs/chat/negotiate responded 200 in 11.0596 ms
2026-04-28 16:22:44.781 +07:00 [INF] HTTP GET /uploads/categories/may-suc-khi.jpg responded 404 in 56.5305 ms
2026-04-28 16:22:44.782 +07:00 [INF] HTTP GET /uploads/categories/phu-kien.jpg responded 404 in 56.3841 ms
2026-04-28 16:22:44.782 +07:00 [INF] HTTP GET /uploads/categories/khung-ao.jpg responded 404 in 57.2025 ms
2026-04-28 16:22:51.595 +07:00 [INF] HTTP GET /san-pham/may-suc-khi-5hp-16 responded 200 in 103.7915 ms
2026-04-28 16:22:51.742 +07:00 [INF] HTTP POST /hubs/chat/negotiate responded 200 in 0.9967 ms
2026-04-28 16:22:51.783 +07:00 [INF] HTTP GET /hubs/chat responded 101 in 7188.6311 ms
2026-04-28 16:26:58.260 +07:00 [INF] HTTP GET /hubs/chat responded 101 in 246455.7699 ms
2026-04-28 16:27:09.575 +07:00 [INF] ✅ Kết nối Database thành công.
2026-04-28 16:27:09.617 +07:00 [INF] ⏳ Đang kiểm tra cấu trúc Database...
2026-04-28 16:27:10.005 +07:00 [INF] ✅ Cấu trúc Database đã sẵn sàng.
2026-04-28 16:27:10.023 +07:00 [INF] ✅ Checked/Created implicit cast for user_role
2026-04-28 16:27:10.028 +07:00 [INF] ✅ Checked/Created implicit cast for product_status
2026-04-28 16:27:10.029 +07:00 [INF] ⏳ Checking for admin user...
2026-04-28 16:27:10.077 +07:00 [INF] ✅ Admin check completed
2026-04-28 16:27:10.079 +07:00 [INF] ✅ Admin user already exists
2026-04-28 16:27:10.081 +07:00 [INF] ⏳ Checking for placeholder users...
2026-04-28 16:27:10.146 +07:00 [INF] ✅ Placeholder users check completed
2026-04-28 16:27:10.147 +07:00 [INF] ⏳ Checking SiteSettings...
2026-04-28 16:27:10.157 +07:00 [INF] ✅ SiteSettings already exists
2026-04-28 16:27:10.159 +07:00 [INF] ⏳ Checking for test data...
2026-04-28 16:27:10.175 +07:00 [INF] ⏭️ Test data already exists, skipping seeding.
2026-04-28 16:27:10.177 +07:00 [INF] ✅ Test data check completed
2026-04-28 16:27:10.179 +07:00 [INF] ✅ Database seeding completed successfully!
2026-04-28 16:27:11.194 +07:00 [INF] HTTP POST /hubs/chat/negotiate responded 200 in 61.6773 ms
2026-04-28 16:27:15.630 +07:00 [INF] HTTP GET /admin responded 200 in 522.3964 ms
2026-04-28 16:27:18.386 +07:00 [WRN] The query uses the 'First'/'FirstOrDefault' operator without 'OrderBy' and filter operators. This may lead to unpredictable results.
2026-04-28 16:27:18.439 +07:00 [ERR] Failed executing DbCommand (26ms) [Parameters=[], CommandType='"Text"', CommandTimeout='30']
SELECT s.id, s.about_content, s.about_image, s.about_title, s.address, s.background_color, s.bank_name, s.bank_number, s.bank_owner, s.chat_auto_reply_message, s.company_name, s.copyright_text, s.default_meta_description, s.default_meta_title, s.default_og_image, s.email, s.email_enabled, s.facebook, s.facebook_pixel_id, s.featured_products_count, s.footer_about_text, s.footer_color, s.footer_text, s.google_analytics_id, s.hero_background_image, s.hero_button_text, s.hero_button_url, s.hero_description, s.hero_subtitle, s.hero_title, s.latest_posts_count, s.logo, s.navbar_color, s.notification_email, s.phone, s.primary_color, s.show_banners, s.show_categories, s.show_facebook, s.show_featured_products, s.show_footer, s.show_hotline, s.show_latest_posts, s.show_nav_cart, s.show_nav_knowledge, s.show_nav_partners, s.show_nav_products, s.show_partners, s.show_telegram, s.show_tiktok, s.show_youtube, s.show_zalo, s.smtp_from_email, s.smtp_from_name, s.smtp_host, s.smtp_password, s.smtp_port, s.smtp_use_ssl, s.smtp_user, s.telegram, s.tiktok, s.updated_at, s.youtube, s.zalo
FROM site_settings AS s
LIMIT 1
2026-04-28 16:27:18.464 +07:00 [ERR] An exception occurred while iterating over the results of a query for context type 'AquaCMS.Data.AppDbContext'.
Npgsql.PostgresException (0x80004005): 42703: column s.footer_color does not exist

POSITION: 372
   at Npgsql.Internal.NpgsqlConnector.ReadMessageLong(Boolean async, DataRowLoadingMode dataRowLoadingMode, Boolean readingNotifications, Boolean isReadingPrependedMessage)
   at System.Runtime.CompilerServices.PoolingAsyncValueTaskMethodBuilder`1.StateMachineBox`1.System.Threading.Tasks.Sources.IValueTaskSource<TResult>.GetResult(Int16 token)
   at Npgsql.NpgsqlDataReader.NextResult(Boolean async, Boolean isConsuming, CancellationToken cancellationToken)
   at Npgsql.NpgsqlDataReader.NextResult(Boolean async, Boolean isConsuming, CancellationToken cancellationToken)
   at Npgsql.NpgsqlCommand.ExecuteReader(Boolean async, CommandBehavior behavior, CancellationToken cancellationToken)
   at Npgsql.NpgsqlCommand.ExecuteReader(Boolean async, CommandBehavior behavior, CancellationToken cancellationToken)
   at Npgsql.NpgsqlCommand.ExecuteDbDataReaderAsync(CommandBehavior behavior, CancellationToken cancellationToken)
   at Microsoft.EntityFrameworkCore.Storage.RelationalCommand.ExecuteReaderAsync(RelationalCommandParameterObject parameterObject, CancellationToken cancellationToken)
   at Microsoft.EntityFrameworkCore.Storage.RelationalCommand.ExecuteReaderAsync(RelationalCommandParameterObject parameterObject, CancellationToken cancellationToken)
   at Microsoft.EntityFrameworkCore.Query.Internal.SingleQueryingEnumerable`1.AsyncEnumerator.InitializeReaderAsync(AsyncEnumerator enumerator, CancellationToken cancellationToken)
   at Npgsql.EntityFrameworkCore.PostgreSQL.Storage.Internal.NpgsqlExecutionStrategy.ExecuteAsync[TState,TResult](TState state, Func`4 operation, Func`4 verifySucceeded, CancellationToken cancellationToken)
   at Microsoft.EntityFrameworkCore.Query.Internal.SingleQueryingEnumerable`1.AsyncEnumerator.MoveNextAsync()
  Exception data:
    Severity: ERROR
    SqlState: 42703
    MessageText: column s.footer_color does not exist
    Position: 372
    File: parse_relation.c
    Line: 3722
    Routine: errorMissingColumn
Npgsql.PostgresException (0x80004005): 42703: column s.footer_color does not exist

POSITION: 372
   at Npgsql.Internal.NpgsqlConnector.ReadMessageLong(Boolean async, DataRowLoadingMode dataRowLoadingMode, Boolean readingNotifications, Boolean isReadingPrependedMessage)
   at System.Runtime.CompilerServices.PoolingAsyncValueTaskMethodBuilder`1.StateMachineBox`1.System.Threading.Tasks.Sources.IValueTaskSource<TResult>.GetResult(Int16 token)
   at Npgsql.NpgsqlDataReader.NextResult(Boolean async, Boolean isConsuming, CancellationToken cancellationToken)
   at Npgsql.NpgsqlDataReader.NextResult(Boolean async, Boolean isConsuming, CancellationToken cancellationToken)
   at Npgsql.NpgsqlCommand.ExecuteReader(Boolean async, CommandBehavior behavior, CancellationToken cancellationToken)
   at Npgsql.NpgsqlCommand.ExecuteReader(Boolean async, CommandBehavior behavior, CancellationToken cancellationToken)
   at Npgsql.NpgsqlCommand.ExecuteDbDataReaderAsync(CommandBehavior behavior, CancellationToken cancellationToken)
   at Microsoft.EntityFrameworkCore.Storage.RelationalCommand.ExecuteReaderAsync(RelationalCommandParameterObject parameterObject, CancellationToken cancellationToken)
   at Microsoft.EntityFrameworkCore.Storage.RelationalCommand.ExecuteReaderAsync(RelationalCommandParameterObject parameterObject, CancellationToken cancellationToken)
   at Microsoft.EntityFrameworkCore.Query.Internal.SingleQueryingEnumerable`1.AsyncEnumerator.InitializeReaderAsync(AsyncEnumerator enumerator, CancellationToken cancellationToken)
   at Npgsql.EntityFrameworkCore.PostgreSQL.Storage.Internal.NpgsqlExecutionStrategy.ExecuteAsync[TState,TResult](TState state, Func`4 operation, Func`4 verifySucceeded, CancellationToken cancellationToken)
   at Microsoft.EntityFrameworkCore.Query.Internal.SingleQueryingEnumerable`1.AsyncEnumerator.MoveNextAsync()
  Exception data:
    Severity: ERROR
    SqlState: 42703
    MessageText: column s.footer_color does not exist
    Position: 372
    File: parse_relation.c
    Line: 3722
    Routine: errorMissingColumn
2026-04-28 16:27:18.500 +07:00 [ERR] An unhandled exception has occurred while executing the request.
Npgsql.PostgresException (0x80004005): 42703: column s.footer_color does not exist

POSITION: 372
   at Npgsql.Internal.NpgsqlConnector.ReadMessageLong(Boolean async, DataRowLoadingMode dataRowLoadingMode, Boolean readingNotifications, Boolean isReadingPrependedMessage)
   at System.Runtime.CompilerServices.PoolingAsyncValueTaskMethodBuilder`1.StateMachineBox`1.System.Threading.Tasks.Sources.IValueTaskSource<TResult>.GetResult(Int16 token)
   at Npgsql.NpgsqlDataReader.NextResult(Boolean async, Boolean isConsuming, CancellationToken cancellationToken)
   at Npgsql.NpgsqlDataReader.NextResult(Boolean async, Boolean isConsuming, CancellationToken cancellationToken)
   at Npgsql.NpgsqlCommand.ExecuteReader(Boolean async, CommandBehavior behavior, CancellationToken cancellationToken)
   at Npgsql.NpgsqlCommand.ExecuteReader(Boolean async, CommandBehavior behavior, CancellationToken cancellationToken)
   at Npgsql.NpgsqlCommand.ExecuteDbDataReaderAsync(CommandBehavior behavior, CancellationToken cancellationToken)
   at Microsoft.EntityFrameworkCore.Storage.RelationalCommand.ExecuteReaderAsync(RelationalCommandParameterObject parameterObject, CancellationToken cancellationToken)
   at Microsoft.EntityFrameworkCore.Storage.RelationalCommand.ExecuteReaderAsync(RelationalCommandParameterObject parameterObject, CancellationToken cancellationToken)
   at Microsoft.EntityFrameworkCore.Query.Internal.SingleQueryingEnumerable`1.AsyncEnumerator.InitializeReaderAsync(AsyncEnumerator enumerator, CancellationToken cancellationToken)
   at Npgsql.EntityFrameworkCore.PostgreSQL.Storage.Internal.NpgsqlExecutionStrategy.ExecuteAsync[TState,TResult](TState state, Func`4 operation, Func`4 verifySucceeded, CancellationToken cancellationToken)
   at Microsoft.EntityFrameworkCore.Query.Internal.SingleQueryingEnumerable`1.AsyncEnumerator.MoveNextAsync()
   at Microsoft.EntityFrameworkCore.Query.ShapedQueryCompilingExpressionVisitor.SingleOrDefaultAsync[TSource](IAsyncEnumerable`1 asyncEnumerable, CancellationToken cancellationToken)
   at Microsoft.EntityFrameworkCore.Query.ShapedQueryCompilingExpressionVisitor.SingleOrDefaultAsync[TSource](IAsyncEnumerable`1 asyncEnumerable, CancellationToken cancellationToken)
   at AquaCMS.Services.SettingsService.GetSettingsAsync() in D:\Source.Net\freelance\CatalogaWeb\src\AquaCMS\Services\SettingsService.cs:line 36
   at AquaCMS.Areas.Admin.Controllers.SettingsController.Index() in D:\Source.Net\freelance\CatalogaWeb\src\AquaCMS\Areas\Admin\Controllers\SettingsController.cs:line 41
   at Microsoft.AspNetCore.Mvc.Infrastructure.ActionMethodExecutor.TaskOfIActionResultExecutor.Execute(ActionContext actionContext, IActionResultTypeMapper mapper, ObjectMethodExecutor executor, Object controller, Object[] arguments)
   at Microsoft.AspNetCore.Mvc.Infrastructure.ControllerActionInvoker.<InvokeActionMethodAsync>g__Awaited|12_0(ControllerActionInvoker invoker, ValueTask`1 actionResultValueTask)
   at Microsoft.AspNetCore.Mvc.Infrastructure.ControllerActionInvoker.<InvokeNextActionFilterAsync>g__Awaited|10_0(ControllerActionInvoker invoker, Task lastTask, State next, Scope scope, Object state, Boolean isCompleted)
   at Microsoft.AspNetCore.Mvc.Infrastructure.ControllerActionInvoker.Rethrow(ActionExecutedContextSealed context)
   at Microsoft.AspNetCore.Mvc.Infrastructure.ControllerActionInvoker.Next(State& next, Scope& scope, Object& state, Boolean& isCompleted)
   at Microsoft.AspNetCore.Mvc.Infrastructure.ControllerActionInvoker.<InvokeInnerFilterAsync>g__Awaited|13_0(ControllerActionInvoker invoker, Task lastTask, State next, Scope scope, Object state, Boolean isCompleted)
   at Microsoft.AspNetCore.Mvc.Infrastructure.ResourceInvoker.<InvokeNextResourceFilter>g__Awaited|25_0(ResourceInvoker invoker, Task lastTask, State next, Scope scope, Object state, Boolean isCompleted)
   at Microsoft.AspNetCore.Mvc.Infrastructure.ResourceInvoker.Rethrow(ResourceExecutedContextSealed context)
   at Microsoft.AspNetCore.Mvc.Infrastructure.ResourceInvoker.Next(State& next, Scope& scope, Object& state, Boolean& isCompleted)
   at Microsoft.AspNetCore.Mvc.Infrastructure.ResourceInvoker.<InvokeFilterPipelineAsync>g__Awaited|20_0(ResourceInvoker invoker, Task lastTask, State next, Scope scope, Object state, Boolean isCompleted)
   at Microsoft.AspNetCore.Mvc.Infrastructure.ResourceInvoker.<InvokeAsync>g__Awaited|17_0(ResourceInvoker invoker, Task task, IDisposable scope)
   at Microsoft.AspNetCore.Mvc.Infrastructure.ResourceInvoker.<InvokeAsync>g__Awaited|17_0(ResourceInvoker invoker, Task task, IDisposable scope)
   at Microsoft.AspNetCore.Authorization.AuthorizationMiddleware.Invoke(HttpContext context)
   at Microsoft.AspNetCore.Authentication.AuthenticationMiddleware.Invoke(HttpContext context)
   at Microsoft.AspNetCore.Diagnostics.StatusCodePagesMiddleware.Invoke(HttpContext context)
   at AquaCMS.Modules.Core.Middleware.PageViewTrackingMiddleware.InvokeAsync(HttpContext ctx) in D:\Source.Net\freelance\CatalogaWeb\src\AquaCMS\Modules\Core\Middleware\PageViewTrackingMiddleware.cs:line 43
   at Microsoft.AspNetCore.Diagnostics.DeveloperExceptionPageMiddlewareImpl.Invoke(HttpContext context)
  Exception data:
    Severity: ERROR
    SqlState: 42703
    MessageText: column s.footer_color does not exist
    Position: 372
    File: parse_relation.c
    Line: 3722
    Routine: errorMissingColumn
2026-04-28 16:27:18.552 +07:00 [ERR] HTTP GET /admin/settings responded 500 in 446.7942 ms
2026-04-28 16:32:15.511 +07:00 [ERR] Failed executing DbCommand (4ms) [Parameters=[], CommandType='"Text"', CommandTimeout='30']
SELECT s.id, s.about_content, s.about_image, s.about_title, s.address, s.background_color, s.bank_name, s.bank_number, s.bank_owner, s.chat_auto_reply_message, s.company_name, s.copyright_text, s.default_meta_description, s.default_meta_title, s.default_og_image, s.email, s.email_enabled, s.facebook, s.facebook_pixel_id, s.featured_products_count, s.footer_about_text, s.footer_color, s.footer_text, s.google_analytics_id, s.hero_background_image, s.hero_button_text, s.hero_button_url, s.hero_description, s.hero_subtitle, s.hero_title, s.latest_posts_count, s.logo, s.navbar_color, s.notification_email, s.phone, s.primary_color, s.show_banners, s.show_categories, s.show_facebook, s.show_featured_products, s.show_footer, s.show_hotline, s.show_latest_posts, s.show_nav_cart, s.show_nav_knowledge, s.show_nav_partners, s.show_nav_products, s.show_partners, s.show_telegram, s.show_tiktok, s.show_youtube, s.show_zalo, s.smtp_from_email, s.smtp_from_name, s.smtp_host, s.smtp_password, s.smtp_port, s.smtp_use_ssl, s.smtp_user, s.telegram, s.tiktok, s.updated_at, s.youtube, s.zalo
FROM site_settings AS s
LIMIT 1
2026-04-28 16:32:15.519 +07:00 [ERR] An exception occurred while iterating over the results of a query for context type 'AquaCMS.Data.AppDbContext'.
Npgsql.PostgresException (0x80004005): 42703: column s.footer_color does not exist

POSITION: 372
   at Npgsql.Internal.NpgsqlConnector.ReadMessageLong(Boolean async, DataRowLoadingMode dataRowLoadingMode, Boolean readingNotifications, Boolean isReadingPrependedMessage)
   at System.Runtime.CompilerServices.PoolingAsyncValueTaskMethodBuilder`1.StateMachineBox`1.System.Threading.Tasks.Sources.IValueTaskSource<TResult>.GetResult(Int16 token)
   at Npgsql.NpgsqlDataReader.NextResult(Boolean async, Boolean isConsuming, CancellationToken cancellationToken)
   at Npgsql.NpgsqlDataReader.NextResult(Boolean async, Boolean isConsuming, CancellationToken cancellationToken)
   at Npgsql.NpgsqlCommand.ExecuteReader(Boolean async, CommandBehavior behavior, CancellationToken cancellationToken)
   at Npgsql.NpgsqlCommand.ExecuteReader(Boolean async, CommandBehavior behavior, CancellationToken cancellationToken)
   at Npgsql.NpgsqlCommand.ExecuteDbDataReaderAsync(CommandBehavior behavior, CancellationToken cancellationToken)
   at Microsoft.EntityFrameworkCore.Storage.RelationalCommand.ExecuteReaderAsync(RelationalCommandParameterObject parameterObject, CancellationToken cancellationToken)
   at Microsoft.EntityFrameworkCore.Storage.RelationalCommand.ExecuteReaderAsync(RelationalCommandParameterObject parameterObject, CancellationToken cancellationToken)
   at Microsoft.EntityFrameworkCore.Query.Internal.SingleQueryingEnumerable`1.AsyncEnumerator.InitializeReaderAsync(AsyncEnumerator enumerator, CancellationToken cancellationToken)
   at Npgsql.EntityFrameworkCore.PostgreSQL.Storage.Internal.NpgsqlExecutionStrategy.ExecuteAsync[TState,TResult](TState state, Func`4 operation, Func`4 verifySucceeded, CancellationToken cancellationToken)
   at Microsoft.EntityFrameworkCore.Query.Internal.SingleQueryingEnumerable`1.AsyncEnumerator.MoveNextAsync()
  Exception data:
    Severity: ERROR
    SqlState: 42703
    MessageText: column s.footer_color does not exist
    Position: 372
    File: parse_relation.c
    Line: 3722
    Routine: errorMissingColumn
Npgsql.PostgresException (0x80004005): 42703: column s.footer_color does not exist

POSITION: 372
   at Npgsql.Internal.NpgsqlConnector.ReadMessageLong(Boolean async, DataRowLoadingMode dataRowLoadingMode, Boolean readingNotifications, Boolean isReadingPrependedMessage)
   at System.Runtime.CompilerServices.PoolingAsyncValueTaskMethodBuilder`1.StateMachineBox`1.System.Threading.Tasks.Sources.IValueTaskSource<TResult>.GetResult(Int16 token)
   at Npgsql.NpgsqlDataReader.NextResult(Boolean async, Boolean isConsuming, CancellationToken cancellationToken)
   at Npgsql.NpgsqlDataReader.NextResult(Boolean async, Boolean isConsuming, CancellationToken cancellationToken)
   at Npgsql.NpgsqlCommand.ExecuteReader(Boolean async, CommandBehavior behavior, CancellationToken cancellationToken)
   at Npgsql.NpgsqlCommand.ExecuteReader(Boolean async, CommandBehavior behavior, CancellationToken cancellationToken)
   at Npgsql.NpgsqlCommand.ExecuteDbDataReaderAsync(CommandBehavior behavior, CancellationToken cancellationToken)
   at Microsoft.EntityFrameworkCore.Storage.RelationalCommand.ExecuteReaderAsync(RelationalCommandParameterObject parameterObject, CancellationToken cancellationToken)
   at Microsoft.EntityFrameworkCore.Storage.RelationalCommand.ExecuteReaderAsync(RelationalCommandParameterObject parameterObject, CancellationToken cancellationToken)
   at Microsoft.EntityFrameworkCore.Query.Internal.SingleQueryingEnumerable`1.AsyncEnumerator.InitializeReaderAsync(AsyncEnumerator enumerator, CancellationToken cancellationToken)
   at Npgsql.EntityFrameworkCore.PostgreSQL.Storage.Internal.NpgsqlExecutionStrategy.ExecuteAsync[TState,TResult](TState state, Func`4 operation, Func`4 verifySucceeded, CancellationToken cancellationToken)
   at Microsoft.EntityFrameworkCore.Query.Internal.SingleQueryingEnumerable`1.AsyncEnumerator.MoveNextAsync()
  Exception data:
    Severity: ERROR
    SqlState: 42703
    MessageText: column s.footer_color does not exist
    Position: 372
    File: parse_relation.c
    Line: 3722
    Routine: errorMissingColumn
2026-04-28 16:32:15.541 +07:00 [ERR] An unhandled exception has occurred while executing the request.
Npgsql.PostgresException (0x80004005): 42703: column s.footer_color does not exist

POSITION: 372
   at Npgsql.Internal.NpgsqlConnector.ReadMessageLong(Boolean async, DataRowLoadingMode dataRowLoadingMode, Boolean readingNotifications, Boolean isReadingPrependedMessage)
   at System.Runtime.CompilerServices.PoolingAsyncValueTaskMethodBuilder`1.StateMachineBox`1.System.Threading.Tasks.Sources.IValueTaskSource<TResult>.GetResult(Int16 token)
   at Npgsql.NpgsqlDataReader.NextResult(Boolean async, Boolean isConsuming, CancellationToken cancellationToken)
   at Npgsql.NpgsqlDataReader.NextResult(Boolean async, Boolean isConsuming, CancellationToken cancellationToken)
   at Npgsql.NpgsqlCommand.ExecuteReader(Boolean async, CommandBehavior behavior, CancellationToken cancellationToken)
   at Npgsql.NpgsqlCommand.ExecuteReader(Boolean async, CommandBehavior behavior, CancellationToken cancellationToken)
   at Npgsql.NpgsqlCommand.ExecuteDbDataReaderAsync(CommandBehavior behavior, CancellationToken cancellationToken)
   at Microsoft.EntityFrameworkCore.Storage.RelationalCommand.ExecuteReaderAsync(RelationalCommandParameterObject parameterObject, CancellationToken cancellationToken)
   at Microsoft.EntityFrameworkCore.Storage.RelationalCommand.ExecuteReaderAsync(RelationalCommandParameterObject parameterObject, CancellationToken cancellationToken)
   at Microsoft.EntityFrameworkCore.Query.Internal.SingleQueryingEnumerable`1.AsyncEnumerator.InitializeReaderAsync(AsyncEnumerator enumerator, CancellationToken cancellationToken)
   at Npgsql.EntityFrameworkCore.PostgreSQL.Storage.Internal.NpgsqlExecutionStrategy.ExecuteAsync[TState,TResult](TState state, Func`4 operation, Func`4 verifySucceeded, CancellationToken cancellationToken)
   at Microsoft.EntityFrameworkCore.Query.Internal.SingleQueryingEnumerable`1.AsyncEnumerator.MoveNextAsync()
   at Microsoft.EntityFrameworkCore.Query.ShapedQueryCompilingExpressionVisitor.SingleOrDefaultAsync[TSource](IAsyncEnumerable`1 asyncEnumerable, CancellationToken cancellationToken)
   at Microsoft.EntityFrameworkCore.Query.ShapedQueryCompilingExpressionVisitor.SingleOrDefaultAsync[TSource](IAsyncEnumerable`1 asyncEnumerable, CancellationToken cancellationToken)
   at AquaCMS.Services.SettingsService.GetSettingsAsync() in D:\Source.Net\freelance\CatalogaWeb\src\AquaCMS\Services\SettingsService.cs:line 36
   at AquaCMS.Areas.Admin.Controllers.SettingsController.Index() in D:\Source.Net\freelance\CatalogaWeb\src\AquaCMS\Areas\Admin\Controllers\SettingsController.cs:line 41
   at Microsoft.AspNetCore.Mvc.Infrastructure.ActionMethodExecutor.TaskOfIActionResultExecutor.Execute(ActionContext actionContext, IActionResultTypeMapper mapper, ObjectMethodExecutor executor, Object controller, Object[] arguments)
   at Microsoft.AspNetCore.Mvc.Infrastructure.ControllerActionInvoker.<InvokeActionMethodAsync>g__Awaited|12_0(ControllerActionInvoker invoker, ValueTask`1 actionResultValueTask)
   at Microsoft.AspNetCore.Mvc.Infrastructure.ControllerActionInvoker.<InvokeNextActionFilterAsync>g__Awaited|10_0(ControllerActionInvoker invoker, Task lastTask, State next, Scope scope, Object state, Boolean isCompleted)
   at Microsoft.AspNetCore.Mvc.Infrastructure.ControllerActionInvoker.Rethrow(ActionExecutedContextSealed context)
   at Microsoft.AspNetCore.Mvc.Infrastructure.ControllerActionInvoker.Next(State& next, Scope& scope, Object& state, Boolean& isCompleted)
   at Microsoft.AspNetCore.Mvc.Infrastructure.ControllerActionInvoker.<InvokeInnerFilterAsync>g__Awaited|13_0(ControllerActionInvoker invoker, Task lastTask, State next, Scope scope, Object state, Boolean isCompleted)
   at Microsoft.AspNetCore.Mvc.Infrastructure.ResourceInvoker.<InvokeNextResourceFilter>g__Awaited|25_0(ResourceInvoker invoker, Task lastTask, State next, Scope scope, Object state, Boolean isCompleted)
   at Microsoft.AspNetCore.Mvc.Infrastructure.ResourceInvoker.Rethrow(ResourceExecutedContextSealed context)
   at Microsoft.AspNetCore.Mvc.Infrastructure.ResourceInvoker.Next(State& next, Scope& scope, Object& state, Boolean& isCompleted)
   at Microsoft.AspNetCore.Mvc.Infrastructure.ResourceInvoker.<InvokeFilterPipelineAsync>g__Awaited|20_0(ResourceInvoker invoker, Task lastTask, State next, Scope scope, Object state, Boolean isCompleted)
   at Microsoft.AspNetCore.Mvc.Infrastructure.ResourceInvoker.<InvokeAsync>g__Awaited|17_0(ResourceInvoker invoker, Task task, IDisposable scope)
   at Microsoft.AspNetCore.Mvc.Infrastructure.ResourceInvoker.<InvokeAsync>g__Awaited|17_0(ResourceInvoker invoker, Task task, IDisposable scope)
   at Microsoft.AspNetCore.Authorization.AuthorizationMiddleware.Invoke(HttpContext context)
   at Microsoft.AspNetCore.Authentication.AuthenticationMiddleware.Invoke(HttpContext context)
   at Microsoft.AspNetCore.Diagnostics.StatusCodePagesMiddleware.Invoke(HttpContext context)
   at AquaCMS.Modules.Core.Middleware.PageViewTrackingMiddleware.InvokeAsync(HttpContext ctx) in D:\Source.Net\freelance\CatalogaWeb\src\AquaCMS\Modules\Core\Middleware\PageViewTrackingMiddleware.cs:line 43
   at Microsoft.AspNetCore.Diagnostics.DeveloperExceptionPageMiddlewareImpl.Invoke(HttpContext context)
  Exception data:
    Severity: ERROR
    SqlState: 42703
    MessageText: column s.footer_color does not exist
    Position: 372
    File: parse_relation.c
    Line: 3722
    Routine: errorMissingColumn
2026-04-28 16:32:15.580 +07:00 [ERR] HTTP GET /admin/settings responded 500 in 113.6253 ms
2026-04-28 16:32:16.329 +07:00 [ERR] Failed executing DbCommand (2ms) [Parameters=[], CommandType='"Text"', CommandTimeout='30']
SELECT s.id, s.about_content, s.about_image, s.about_title, s.address, s.background_color, s.bank_name, s.bank_number, s.bank_owner, s.chat_auto_reply_message, s.company_name, s.copyright_text, s.default_meta_description, s.default_meta_title, s.default_og_image, s.email, s.email_enabled, s.facebook, s.facebook_pixel_id, s.featured_products_count, s.footer_about_text, s.footer_color, s.footer_text, s.google_analytics_id, s.hero_background_image, s.hero_button_text, s.hero_button_url, s.hero_description, s.hero_subtitle, s.hero_title, s.latest_posts_count, s.logo, s.navbar_color, s.notification_email, s.phone, s.primary_color, s.show_banners, s.show_categories, s.show_facebook, s.show_featured_products, s.show_footer, s.show_hotline, s.show_latest_posts, s.show_nav_cart, s.show_nav_knowledge, s.show_nav_partners, s.show_nav_products, s.show_partners, s.show_telegram, s.show_tiktok, s.show_youtube, s.show_zalo, s.smtp_from_email, s.smtp_from_name, s.smtp_host, s.smtp_password, s.smtp_port, s.smtp_use_ssl, s.smtp_user, s.telegram, s.tiktok, s.updated_at, s.youtube, s.zalo
FROM site_settings AS s
LIMIT 1
2026-04-28 16:32:16.337 +07:00 [ERR] An exception occurred while iterating over the results of a query for context type 'AquaCMS.Data.AppDbContext'.
Npgsql.PostgresException (0x80004005): 42703: column s.footer_color does not exist

POSITION: 372
   at Npgsql.Internal.NpgsqlConnector.ReadMessageLong(Boolean async, DataRowLoadingMode dataRowLoadingMode, Boolean readingNotifications, Boolean isReadingPrependedMessage)
   at System.Runtime.CompilerServices.PoolingAsyncValueTaskMethodBuilder`1.StateMachineBox`1.System.Threading.Tasks.Sources.IValueTaskSource<TResult>.GetResult(Int16 token)
   at Npgsql.NpgsqlDataReader.NextResult(Boolean async, Boolean isConsuming, CancellationToken cancellationToken)
   at Npgsql.NpgsqlDataReader.NextResult(Boolean async, Boolean isConsuming, CancellationToken cancellationToken)
   at Npgsql.NpgsqlCommand.ExecuteReader(Boolean async, CommandBehavior behavior, CancellationToken cancellationToken)
   at Npgsql.NpgsqlCommand.ExecuteReader(Boolean async, CommandBehavior behavior, CancellationToken cancellationToken)
   at Npgsql.NpgsqlCommand.ExecuteDbDataReaderAsync(CommandBehavior behavior, CancellationToken cancellationToken)
   at Microsoft.EntityFrameworkCore.Storage.RelationalCommand.ExecuteReaderAsync(RelationalCommandParameterObject parameterObject, CancellationToken cancellationToken)
   at Microsoft.EntityFrameworkCore.Storage.RelationalCommand.ExecuteReaderAsync(RelationalCommandParameterObject parameterObject, CancellationToken cancellationToken)
   at Microsoft.EntityFrameworkCore.Query.Internal.SingleQueryingEnumerable`1.AsyncEnumerator.InitializeReaderAsync(AsyncEnumerator enumerator, CancellationToken cancellationToken)
   at Npgsql.EntityFrameworkCore.PostgreSQL.Storage.Internal.NpgsqlExecutionStrategy.ExecuteAsync[TState,TResult](TState state, Func`4 operation, Func`4 verifySucceeded, CancellationToken cancellationToken)
   at Microsoft.EntityFrameworkCore.Query.Internal.SingleQueryingEnumerable`1.AsyncEnumerator.MoveNextAsync()
  Exception data:
    Severity: ERROR
    SqlState: 42703
    MessageText: column s.footer_color does not exist
    Position: 372
    File: parse_relation.c
    Line: 3722
    Routine: errorMissingColumn
Npgsql.PostgresException (0x80004005): 42703: column s.footer_color does not exist

POSITION: 372
   at Npgsql.Internal.NpgsqlConnector.ReadMessageLong(Boolean async, DataRowLoadingMode dataRowLoadingMode, Boolean readingNotifications, Boolean isReadingPrependedMessage)
   at System.Runtime.CompilerServices.PoolingAsyncValueTaskMethodBuilder`1.StateMachineBox`1.System.Threading.Tasks.Sources.IValueTaskSource<TResult>.GetResult(Int16 token)
   at Npgsql.NpgsqlDataReader.NextResult(Boolean async, Boolean isConsuming, CancellationToken cancellationToken)
   at Npgsql.NpgsqlDataReader.NextResult(Boolean async, Boolean isConsuming, CancellationToken cancellationToken)
   at Npgsql.NpgsqlCommand.ExecuteReader(Boolean async, CommandBehavior behavior, CancellationToken cancellationToken)
   at Npgsql.NpgsqlCommand.ExecuteReader(Boolean async, CommandBehavior behavior, CancellationToken cancellationToken)
   at Npgsql.NpgsqlCommand.ExecuteDbDataReaderAsync(CommandBehavior behavior, CancellationToken cancellationToken)
   at Microsoft.EntityFrameworkCore.Storage.RelationalCommand.ExecuteReaderAsync(RelationalCommandParameterObject parameterObject, CancellationToken cancellationToken)
   at Microsoft.EntityFrameworkCore.Storage.RelationalCommand.ExecuteReaderAsync(RelationalCommandParameterObject parameterObject, CancellationToken cancellationToken)
   at Microsoft.EntityFrameworkCore.Query.Internal.SingleQueryingEnumerable`1.AsyncEnumerator.InitializeReaderAsync(AsyncEnumerator enumerator, CancellationToken cancellationToken)
   at Npgsql.EntityFrameworkCore.PostgreSQL.Storage.Internal.NpgsqlExecutionStrategy.ExecuteAsync[TState,TResult](TState state, Func`4 operation, Func`4 verifySucceeded, CancellationToken cancellationToken)
   at Microsoft.EntityFrameworkCore.Query.Internal.SingleQueryingEnumerable`1.AsyncEnumerator.MoveNextAsync()
  Exception data:
    Severity: ERROR
    SqlState: 42703
    MessageText: column s.footer_color does not exist
    Position: 372
    File: parse_relation.c
    Line: 3722
    Routine: errorMissingColumn
2026-04-28 16:32:16.351 +07:00 [ERR] An unhandled exception has occurred while executing the request.
Npgsql.PostgresException (0x80004005): 42703: column s.footer_color does not exist

POSITION: 372
   at Npgsql.Internal.NpgsqlConnector.ReadMessageLong(Boolean async, DataRowLoadingMode dataRowLoadingMode, Boolean readingNotifications, Boolean isReadingPrependedMessage)
   at System.Runtime.CompilerServices.PoolingAsyncValueTaskMethodBuilder`1.StateMachineBox`1.System.Threading.Tasks.Sources.IValueTaskSource<TResult>.GetResult(Int16 token)
   at Npgsql.NpgsqlDataReader.NextResult(Boolean async, Boolean isConsuming, CancellationToken cancellationToken)
   at Npgsql.NpgsqlDataReader.NextResult(Boolean async, Boolean isConsuming, CancellationToken cancellationToken)
   at Npgsql.NpgsqlCommand.ExecuteReader(Boolean async, CommandBehavior behavior, CancellationToken cancellationToken)
   at Npgsql.NpgsqlCommand.ExecuteReader(Boolean async, CommandBehavior behavior, CancellationToken cancellationToken)
   at Npgsql.NpgsqlCommand.ExecuteDbDataReaderAsync(CommandBehavior behavior, CancellationToken cancellationToken)
   at Microsoft.EntityFrameworkCore.Storage.RelationalCommand.ExecuteReaderAsync(RelationalCommandParameterObject parameterObject, CancellationToken cancellationToken)
   at Microsoft.EntityFrameworkCore.Storage.RelationalCommand.ExecuteReaderAsync(RelationalCommandParameterObject parameterObject, CancellationToken cancellationToken)
   at Microsoft.EntityFrameworkCore.Query.Internal.SingleQueryingEnumerable`1.AsyncEnumerator.InitializeReaderAsync(AsyncEnumerator enumerator, CancellationToken cancellationToken)
   at Npgsql.EntityFrameworkCore.PostgreSQL.Storage.Internal.NpgsqlExecutionStrategy.ExecuteAsync[TState,TResult](TState state, Func`4 operation, Func`4 verifySucceeded, CancellationToken cancellationToken)
   at Microsoft.EntityFrameworkCore.Query.Internal.SingleQueryingEnumerable`1.AsyncEnumerator.MoveNextAsync()
   at Microsoft.EntityFrameworkCore.Query.ShapedQueryCompilingExpressionVisitor.SingleOrDefaultAsync[TSource](IAsyncEnumerable`1 asyncEnumerable, CancellationToken cancellationToken)
   at Microsoft.EntityFrameworkCore.Query.ShapedQueryCompilingExpressionVisitor.SingleOrDefaultAsync[TSource](IAsyncEnumerable`1 asyncEnumerable, CancellationToken cancellationToken)
   at AquaCMS.Services.SettingsService.GetSettingsAsync() in D:\Source.Net\freelance\CatalogaWeb\src\AquaCMS\Services\SettingsService.cs:line 36
   at AquaCMS.Areas.Admin.Controllers.SettingsController.Index() in D:\Source.Net\freelance\CatalogaWeb\src\AquaCMS\Areas\Admin\Controllers\SettingsController.cs:line 41
   at Microsoft.AspNetCore.Mvc.Infrastructure.ActionMethodExecutor.TaskOfIActionResultExecutor.Execute(ActionContext actionContext, IActionResultTypeMapper mapper, ObjectMethodExecutor executor, Object controller, Object[] arguments)
   at Microsoft.AspNetCore.Mvc.Infrastructure.ControllerActionInvoker.<InvokeActionMethodAsync>g__Awaited|12_0(ControllerActionInvoker invoker, ValueTask`1 actionResultValueTask)
   at Microsoft.AspNetCore.Mvc.Infrastructure.ControllerActionInvoker.<InvokeNextActionFilterAsync>g__Awaited|10_0(ControllerActionInvoker invoker, Task lastTask, State next, Scope scope, Object state, Boolean isCompleted)
   at Microsoft.AspNetCore.Mvc.Infrastructure.ControllerActionInvoker.Rethrow(ActionExecutedContextSealed context)
   at Microsoft.AspNetCore.Mvc.Infrastructure.ControllerActionInvoker.Next(State& next, Scope& scope, Object& state, Boolean& isCompleted)
   at Microsoft.AspNetCore.Mvc.Infrastructure.ControllerActionInvoker.<InvokeInnerFilterAsync>g__Awaited|13_0(ControllerActionInvoker invoker, Task lastTask, State next, Scope scope, Object state, Boolean isCompleted)
   at Microsoft.AspNetCore.Mvc.Infrastructure.ResourceInvoker.<InvokeNextResourceFilter>g__Awaited|25_0(ResourceInvoker invoker, Task lastTask, State next, Scope scope, Object state, Boolean isCompleted)
   at Microsoft.AspNetCore.Mvc.Infrastructure.ResourceInvoker.Rethrow(ResourceExecutedContextSealed context)
   at Microsoft.AspNetCore.Mvc.Infrastructure.ResourceInvoker.Next(State& next, Scope& scope, Object& state, Boolean& isCompleted)
   at Microsoft.AspNetCore.Mvc.Infrastructure.ResourceInvoker.<InvokeFilterPipelineAsync>g__Awaited|20_0(ResourceInvoker invoker, Task lastTask, State next, Scope scope, Object state, Boolean isCompleted)
   at Microsoft.AspNetCore.Mvc.Infrastructure.ResourceInvoker.<InvokeAsync>g__Awaited|17_0(ResourceInvoker invoker, Task task, IDisposable scope)
   at Microsoft.AspNetCore.Mvc.Infrastructure.ResourceInvoker.<InvokeAsync>g__Awaited|17_0(ResourceInvoker invoker, Task task, IDisposable scope)
   at Microsoft.AspNetCore.Authorization.AuthorizationMiddleware.Invoke(HttpContext context)
   at Microsoft.AspNetCore.Authentication.AuthenticationMiddleware.Invoke(HttpContext context)
   at Microsoft.AspNetCore.Diagnostics.StatusCodePagesMiddleware.Invoke(HttpContext context)
   at AquaCMS.Modules.Core.Middleware.PageViewTrackingMiddleware.InvokeAsync(HttpContext ctx) in D:\Source.Net\freelance\CatalogaWeb\src\AquaCMS\Modules\Core\Middleware\PageViewTrackingMiddleware.cs:line 43
   at Microsoft.AspNetCore.Diagnostics.DeveloperExceptionPageMiddlewareImpl.Invoke(HttpContext context)
  Exception data:
    Severity: ERROR
    SqlState: 42703
    MessageText: column s.footer_color does not exist
    Position: 372
    File: parse_relation.c
    Line: 3722
    Routine: errorMissingColumn
2026-04-28 16:32:16.370 +07:00 [ERR] HTTP GET /admin/settings responded 500 in 49.0137 ms
2026-04-28 16:32:16.470 +07:00 [ERR] Failed executing DbCommand (2ms) [Parameters=[], CommandType='"Text"', CommandTimeout='30']
SELECT s.id, s.about_content, s.about_image, s.about_title, s.address, s.background_color, s.bank_name, s.bank_number, s.bank_owner, s.chat_auto_reply_message, s.company_name, s.copyright_text, s.default_meta_description, s.default_meta_title, s.default_og_image, s.email, s.email_enabled, s.facebook, s.facebook_pixel_id, s.featured_products_count, s.footer_about_text, s.footer_color, s.footer_text, s.google_analytics_id, s.hero_background_image, s.hero_button_text, s.hero_button_url, s.hero_description, s.hero_subtitle, s.hero_title, s.latest_posts_count, s.logo, s.navbar_color, s.notification_email, s.phone, s.primary_color, s.show_banners, s.show_categories, s.show_facebook, s.show_featured_products, s.show_footer, s.show_hotline, s.show_latest_posts, s.show_nav_cart, s.show_nav_knowledge, s.show_nav_partners, s.show_nav_products, s.show_partners, s.show_telegram, s.show_tiktok, s.show_youtube, s.show_zalo, s.smtp_from_email, s.smtp_from_name, s.smtp_host, s.smtp_password, s.smtp_port, s.smtp_use_ssl, s.smtp_user, s.telegram, s.tiktok, s.updated_at, s.youtube, s.zalo
FROM site_settings AS s
LIMIT 1
2026-04-28 16:32:16.476 +07:00 [ERR] An exception occurred while iterating over the results of a query for context type 'AquaCMS.Data.AppDbContext'.
Npgsql.PostgresException (0x80004005): 42703: column s.footer_color does not exist

POSITION: 372
   at Npgsql.Internal.NpgsqlConnector.ReadMessageLong(Boolean async, DataRowLoadingMode dataRowLoadingMode, Boolean readingNotifications, Boolean isReadingPrependedMessage)
   at System.Runtime.CompilerServices.PoolingAsyncValueTaskMethodBuilder`1.StateMachineBox`1.System.Threading.Tasks.Sources.IValueTaskSource<TResult>.GetResult(Int16 token)
   at Npgsql.NpgsqlDataReader.NextResult(Boolean async, Boolean isConsuming, CancellationToken cancellationToken)
   at Npgsql.NpgsqlDataReader.NextResult(Boolean async, Boolean isConsuming, CancellationToken cancellationToken)
   at Npgsql.NpgsqlCommand.ExecuteReader(Boolean async, CommandBehavior behavior, CancellationToken cancellationToken)
   at Npgsql.NpgsqlCommand.ExecuteReader(Boolean async, CommandBehavior behavior, CancellationToken cancellationToken)
   at Npgsql.NpgsqlCommand.ExecuteDbDataReaderAsync(CommandBehavior behavior, CancellationToken cancellationToken)
   at Microsoft.EntityFrameworkCore.Storage.RelationalCommand.ExecuteReaderAsync(RelationalCommandParameterObject parameterObject, CancellationToken cancellationToken)
   at Microsoft.EntityFrameworkCore.Storage.RelationalCommand.ExecuteReaderAsync(RelationalCommandParameterObject parameterObject, CancellationToken cancellationToken)
   at Microsoft.EntityFrameworkCore.Query.Internal.SingleQueryingEnumerable`1.AsyncEnumerator.InitializeReaderAsync(AsyncEnumerator enumerator, CancellationToken cancellationToken)
   at Npgsql.EntityFrameworkCore.PostgreSQL.Storage.Internal.NpgsqlExecutionStrategy.ExecuteAsync[TState,TResult](TState state, Func`4 operation, Func`4 verifySucceeded, CancellationToken cancellationToken)
   at Microsoft.EntityFrameworkCore.Query.Internal.SingleQueryingEnumerable`1.AsyncEnumerator.MoveNextAsync()
  Exception data:
    Severity: ERROR
    SqlState: 42703
    MessageText: column s.footer_color does not exist
    Position: 372
    File: parse_relation.c
    Line: 3722
    Routine: errorMissingColumn
Npgsql.PostgresException (0x80004005): 42703: column s.footer_color does not exist

POSITION: 372
   at Npgsql.Internal.NpgsqlConnector.ReadMessageLong(Boolean async, DataRowLoadingMode dataRowLoadingMode, Boolean readingNotifications, Boolean isReadingPrependedMessage)
   at System.Runtime.CompilerServices.PoolingAsyncValueTaskMethodBuilder`1.StateMachineBox`1.System.Threading.Tasks.Sources.IValueTaskSource<TResult>.GetResult(Int16 token)
   at Npgsql.NpgsqlDataReader.NextResult(Boolean async, Boolean isConsuming, CancellationToken cancellationToken)
   at Npgsql.NpgsqlDataReader.NextResult(Boolean async, Boolean isConsuming, CancellationToken cancellationToken)
   at Npgsql.NpgsqlCommand.ExecuteReader(Boolean async, CommandBehavior behavior, CancellationToken cancellationToken)
   at Npgsql.NpgsqlCommand.ExecuteReader(Boolean async, CommandBehavior behavior, CancellationToken cancellationToken)
   at Npgsql.NpgsqlCommand.ExecuteDbDataReaderAsync(CommandBehavior behavior, CancellationToken cancellationToken)
   at Microsoft.EntityFrameworkCore.Storage.RelationalCommand.ExecuteReaderAsync(RelationalCommandParameterObject parameterObject, CancellationToken cancellationToken)
   at Microsoft.EntityFrameworkCore.Storage.RelationalCommand.ExecuteReaderAsync(RelationalCommandParameterObject parameterObject, CancellationToken cancellationToken)
   at Microsoft.EntityFrameworkCore.Query.Internal.SingleQueryingEnumerable`1.AsyncEnumerator.InitializeReaderAsync(AsyncEnumerator enumerator, CancellationToken cancellationToken)
   at Npgsql.EntityFrameworkCore.PostgreSQL.Storage.Internal.NpgsqlExecutionStrategy.ExecuteAsync[TState,TResult](TState state, Func`4 operation, Func`4 verifySucceeded, CancellationToken cancellationToken)
   at Microsoft.EntityFrameworkCore.Query.Internal.SingleQueryingEnumerable`1.AsyncEnumerator.MoveNextAsync()
  Exception data:
    Severity: ERROR
    SqlState: 42703
    MessageText: column s.footer_color does not exist
    Position: 372
    File: parse_relation.c
    Line: 3722
    Routine: errorMissingColumn
2026-04-28 16:32:16.487 +07:00 [ERR] An unhandled exception has occurred while executing the request.
Npgsql.PostgresException (0x80004005): 42703: column s.footer_color does not exist

POSITION: 372
   at Npgsql.Internal.NpgsqlConnector.ReadMessageLong(Boolean async, DataRowLoadingMode dataRowLoadingMode, Boolean readingNotifications, Boolean isReadingPrependedMessage)
   at System.Runtime.CompilerServices.PoolingAsyncValueTaskMethodBuilder`1.StateMachineBox`1.System.Threading.Tasks.Sources.IValueTaskSource<TResult>.GetResult(Int16 token)
   at Npgsql.NpgsqlDataReader.NextResult(Boolean async, Boolean isConsuming, CancellationToken cancellationToken)
   at Npgsql.NpgsqlDataReader.NextResult(Boolean async, Boolean isConsuming, CancellationToken cancellationToken)
   at Npgsql.NpgsqlCommand.ExecuteReader(Boolean async, CommandBehavior behavior, CancellationToken cancellationToken)
   at Npgsql.NpgsqlCommand.ExecuteReader(Boolean async, CommandBehavior behavior, CancellationToken cancellationToken)
   at Npgsql.NpgsqlCommand.ExecuteDbDataReaderAsync(CommandBehavior behavior, CancellationToken cancellationToken)
   at Microsoft.EntityFrameworkCore.Storage.RelationalCommand.ExecuteReaderAsync(RelationalCommandParameterObject parameterObject, CancellationToken cancellationToken)
   at Microsoft.EntityFrameworkCore.Storage.RelationalCommand.ExecuteReaderAsync(RelationalCommandParameterObject parameterObject, CancellationToken cancellationToken)
   at Microsoft.EntityFrameworkCore.Query.Internal.SingleQueryingEnumerable`1.AsyncEnumerator.InitializeReaderAsync(AsyncEnumerator enumerator, CancellationToken cancellationToken)
   at Npgsql.EntityFrameworkCore.PostgreSQL.Storage.Internal.NpgsqlExecutionStrategy.ExecuteAsync[TState,TResult](TState state, Func`4 operation, Func`4 verifySucceeded, CancellationToken cancellationToken)
   at Microsoft.EntityFrameworkCore.Query.Internal.SingleQueryingEnumerable`1.AsyncEnumerator.MoveNextAsync()
   at Microsoft.EntityFrameworkCore.Query.ShapedQueryCompilingExpressionVisitor.SingleOrDefaultAsync[TSource](IAsyncEnumerable`1 asyncEnumerable, CancellationToken cancellationToken)
   at Microsoft.EntityFrameworkCore.Query.ShapedQueryCompilingExpressionVisitor.SingleOrDefaultAsync[TSource](IAsyncEnumerable`1 asyncEnumerable, CancellationToken cancellationToken)
   at AquaCMS.Services.SettingsService.GetSettingsAsync() in D:\Source.Net\freelance\CatalogaWeb\src\AquaCMS\Services\SettingsService.cs:line 36
   at AquaCMS.Areas.Admin.Controllers.SettingsController.Index() in D:\Source.Net\freelance\CatalogaWeb\src\AquaCMS\Areas\Admin\Controllers\SettingsController.cs:line 41
   at Microsoft.AspNetCore.Mvc.Infrastructure.ActionMethodExecutor.TaskOfIActionResultExecutor.Execute(ActionContext actionContext, IActionResultTypeMapper mapper, ObjectMethodExecutor executor, Object controller, Object[] arguments)
   at Microsoft.AspNetCore.Mvc.Infrastructure.ControllerActionInvoker.<InvokeActionMethodAsync>g__Awaited|12_0(ControllerActionInvoker invoker, ValueTask`1 actionResultValueTask)
   at Microsoft.AspNetCore.Mvc.Infrastructure.ControllerActionInvoker.<InvokeNextActionFilterAsync>g__Awaited|10_0(ControllerActionInvoker invoker, Task lastTask, State next, Scope scope, Object state, Boolean isCompleted)
   at Microsoft.AspNetCore.Mvc.Infrastructure.ControllerActionInvoker.Rethrow(ActionExecutedContextSealed context)
   at Microsoft.AspNetCore.Mvc.Infrastructure.ControllerActionInvoker.Next(State& next, Scope& scope, Object& state, Boolean& isCompleted)
   at Microsoft.AspNetCore.Mvc.Infrastructure.ControllerActionInvoker.<InvokeInnerFilterAsync>g__Awaited|13_0(ControllerActionInvoker invoker, Task lastTask, State next, Scope scope, Object state, Boolean isCompleted)
   at Microsoft.AspNetCore.Mvc.Infrastructure.ResourceInvoker.<InvokeNextResourceFilter>g__Awaited|25_0(ResourceInvoker invoker, Task lastTask, State next, Scope scope, Object state, Boolean isCompleted)
   at Microsoft.AspNetCore.Mvc.Infrastructure.ResourceInvoker.Rethrow(ResourceExecutedContextSealed context)
   at Microsoft.AspNetCore.Mvc.Infrastructure.ResourceInvoker.Next(State& next, Scope& scope, Object& state, Boolean& isCompleted)
   at Microsoft.AspNetCore.Mvc.Infrastructure.ResourceInvoker.<InvokeFilterPipelineAsync>g__Awaited|20_0(ResourceInvoker invoker, Task lastTask, State next, Scope scope, Object state, Boolean isCompleted)
   at Microsoft.AspNetCore.Mvc.Infrastructure.ResourceInvoker.<InvokeAsync>g__Awaited|17_0(ResourceInvoker invoker, Task task, IDisposable scope)
   at Microsoft.AspNetCore.Mvc.Infrastructure.ResourceInvoker.<InvokeAsync>g__Awaited|17_0(ResourceInvoker invoker, Task task, IDisposable scope)
   at Microsoft.AspNetCore.Authorization.AuthorizationMiddleware.Invoke(HttpContext context)
   at Microsoft.AspNetCore.Authentication.AuthenticationMiddleware.Invoke(HttpContext context)
   at Microsoft.AspNetCore.Diagnostics.StatusCodePagesMiddleware.Invoke(HttpContext context)
   at AquaCMS.Modules.Core.Middleware.PageViewTrackingMiddleware.InvokeAsync(HttpContext ctx) in D:\Source.Net\freelance\CatalogaWeb\src\AquaCMS\Modules\Core\Middleware\PageViewTrackingMiddleware.cs:line 43
   at Microsoft.AspNetCore.Diagnostics.DeveloperExceptionPageMiddlewareImpl.Invoke(HttpContext context)
  Exception data:
    Severity: ERROR
    SqlState: 42703
    MessageText: column s.footer_color does not exist
    Position: 372
    File: parse_relation.c
    Line: 3722
    Routine: errorMissingColumn
2026-04-28 16:32:16.508 +07:00 [ERR] HTTP GET /admin/settings responded 500 in 41.0779 ms
2026-04-28 16:32:16.630 +07:00 [ERR] Failed executing DbCommand (2ms) [Parameters=[], CommandType='"Text"', CommandTimeout='30']
SELECT s.id, s.about_content, s.about_image, s.about_title, s.address, s.background_color, s.bank_name, s.bank_number, s.bank_owner, s.chat_auto_reply_message, s.company_name, s.copyright_text, s.default_meta_description, s.default_meta_title, s.default_og_image, s.email, s.email_enabled, s.facebook, s.facebook_pixel_id, s.featured_products_count, s.footer_about_text, s.footer_color, s.footer_text, s.google_analytics_id, s.hero_background_image, s.hero_button_text, s.hero_button_url, s.hero_description, s.hero_subtitle, s.hero_title, s.latest_posts_count, s.logo, s.navbar_color, s.notification_email, s.phone, s.primary_color, s.show_banners, s.show_categories, s.show_facebook, s.show_featured_products, s.show_footer, s.show_hotline, s.show_latest_posts, s.show_nav_cart, s.show_nav_knowledge, s.show_nav_partners, s.show_nav_products, s.show_partners, s.show_telegram, s.show_tiktok, s.show_youtube, s.show_zalo, s.smtp_from_email, s.smtp_from_name, s.smtp_host, s.smtp_password, s.smtp_port, s.smtp_use_ssl, s.smtp_user, s.telegram, s.tiktok, s.updated_at, s.youtube, s.zalo
FROM site_settings AS s
LIMIT 1
2026-04-28 16:32:16.635 +07:00 [ERR] An exception occurred while iterating over the results of a query for context type 'AquaCMS.Data.AppDbContext'.
Npgsql.PostgresException (0x80004005): 42703: column s.footer_color does not exist

POSITION: 372
   at Npgsql.Internal.NpgsqlConnector.ReadMessageLong(Boolean async, DataRowLoadingMode dataRowLoadingMode, Boolean readingNotifications, Boolean isReadingPrependedMessage)
   at System.Runtime.CompilerServices.PoolingAsyncValueTaskMethodBuilder`1.StateMachineBox`1.System.Threading.Tasks.Sources.IValueTaskSource<TResult>.GetResult(Int16 token)
   at Npgsql.NpgsqlDataReader.NextResult(Boolean async, Boolean isConsuming, CancellationToken cancellationToken)
   at Npgsql.NpgsqlDataReader.NextResult(Boolean async, Boolean isConsuming, CancellationToken cancellationToken)
   at Npgsql.NpgsqlCommand.ExecuteReader(Boolean async, CommandBehavior behavior, CancellationToken cancellationToken)
   at Npgsql.NpgsqlCommand.ExecuteReader(Boolean async, CommandBehavior behavior, CancellationToken cancellationToken)
   at Npgsql.NpgsqlCommand.ExecuteDbDataReaderAsync(CommandBehavior behavior, CancellationToken cancellationToken)
   at Microsoft.EntityFrameworkCore.Storage.RelationalCommand.ExecuteReaderAsync(RelationalCommandParameterObject parameterObject, CancellationToken cancellationToken)
   at Microsoft.EntityFrameworkCore.Storage.RelationalCommand.ExecuteReaderAsync(RelationalCommandParameterObject parameterObject, CancellationToken cancellationToken)
   at Microsoft.EntityFrameworkCore.Query.Internal.SingleQueryingEnumerable`1.AsyncEnumerator.InitializeReaderAsync(AsyncEnumerator enumerator, CancellationToken cancellationToken)
   at Npgsql.EntityFrameworkCore.PostgreSQL.Storage.Internal.NpgsqlExecutionStrategy.ExecuteAsync[TState,TResult](TState state, Func`4 operation, Func`4 verifySucceeded, CancellationToken cancellationToken)
   at Microsoft.EntityFrameworkCore.Query.Internal.SingleQueryingEnumerable`1.AsyncEnumerator.MoveNextAsync()
  Exception data:
    Severity: ERROR
    SqlState: 42703
    MessageText: column s.footer_color does not exist
    Position: 372
    File: parse_relation.c
    Line: 3722
    Routine: errorMissingColumn
Npgsql.PostgresException (0x80004005): 42703: column s.footer_color does not exist

POSITION: 372
   at Npgsql.Internal.NpgsqlConnector.ReadMessageLong(Boolean async, DataRowLoadingMode dataRowLoadingMode, Boolean readingNotifications, Boolean isReadingPrependedMessage)
   at System.Runtime.CompilerServices.PoolingAsyncValueTaskMethodBuilder`1.StateMachineBox`1.System.Threading.Tasks.Sources.IValueTaskSource<TResult>.GetResult(Int16 token)
   at Npgsql.NpgsqlDataReader.NextResult(Boolean async, Boolean isConsuming, CancellationToken cancellationToken)
   at Npgsql.NpgsqlDataReader.NextResult(Boolean async, Boolean isConsuming, CancellationToken cancellationToken)
   at Npgsql.NpgsqlCommand.ExecuteReader(Boolean async, CommandBehavior behavior, CancellationToken cancellationToken)
   at Npgsql.NpgsqlCommand.ExecuteReader(Boolean async, CommandBehavior behavior, CancellationToken cancellationToken)
   at Npgsql.NpgsqlCommand.ExecuteDbDataReaderAsync(CommandBehavior behavior, CancellationToken cancellationToken)
   at Microsoft.EntityFrameworkCore.Storage.RelationalCommand.ExecuteReaderAsync(RelationalCommandParameterObject parameterObject, CancellationToken cancellationToken)
   at Microsoft.EntityFrameworkCore.Storage.RelationalCommand.ExecuteReaderAsync(RelationalCommandParameterObject parameterObject, CancellationToken cancellationToken)
   at Microsoft.EntityFrameworkCore.Query.Internal.SingleQueryingEnumerable`1.AsyncEnumerator.InitializeReaderAsync(AsyncEnumerator enumerator, CancellationToken cancellationToken)
   at Npgsql.EntityFrameworkCore.PostgreSQL.Storage.Internal.NpgsqlExecutionStrategy.ExecuteAsync[TState,TResult](TState state, Func`4 operation, Func`4 verifySucceeded, CancellationToken cancellationToken)
   at Microsoft.EntityFrameworkCore.Query.Internal.SingleQueryingEnumerable`1.AsyncEnumerator.MoveNextAsync()
  Exception data:
    Severity: ERROR
    SqlState: 42703
    MessageText: column s.footer_color does not exist
    Position: 372
    File: parse_relation.c
    Line: 3722
    Routine: errorMissingColumn
2026-04-28 16:32:16.648 +07:00 [ERR] An unhandled exception has occurred while executing the request.
Npgsql.PostgresException (0x80004005): 42703: column s.footer_color does not exist

POSITION: 372
   at Npgsql.Internal.NpgsqlConnector.ReadMessageLong(Boolean async, DataRowLoadingMode dataRowLoadingMode, Boolean readingNotifications, Boolean isReadingPrependedMessage)
   at System.Runtime.CompilerServices.PoolingAsyncValueTaskMethodBuilder`1.StateMachineBox`1.System.Threading.Tasks.Sources.IValueTaskSource<TResult>.GetResult(Int16 token)
   at Npgsql.NpgsqlDataReader.NextResult(Boolean async, Boolean isConsuming, CancellationToken cancellationToken)
   at Npgsql.NpgsqlDataReader.NextResult(Boolean async, Boolean isConsuming, CancellationToken cancellationToken)
   at Npgsql.NpgsqlCommand.ExecuteReader(Boolean async, CommandBehavior behavior, CancellationToken cancellationToken)
   at Npgsql.NpgsqlCommand.ExecuteReader(Boolean async, CommandBehavior behavior, CancellationToken cancellationToken)
   at Npgsql.NpgsqlCommand.ExecuteDbDataReaderAsync(CommandBehavior behavior, CancellationToken cancellationToken)
   at Microsoft.EntityFrameworkCore.Storage.RelationalCommand.ExecuteReaderAsync(RelationalCommandParameterObject parameterObject, CancellationToken cancellationToken)
   at Microsoft.EntityFrameworkCore.Storage.RelationalCommand.ExecuteReaderAsync(RelationalCommandParameterObject parameterObject, CancellationToken cancellationToken)
   at Microsoft.EntityFrameworkCore.Query.Internal.SingleQueryingEnumerable`1.AsyncEnumerator.InitializeReaderAsync(AsyncEnumerator enumerator, CancellationToken cancellationToken)
   at Npgsql.EntityFrameworkCore.PostgreSQL.Storage.Internal.NpgsqlExecutionStrategy.ExecuteAsync[TState,TResult](TState state, Func`4 operation, Func`4 verifySucceeded, CancellationToken cancellationToken)
   at Microsoft.EntityFrameworkCore.Query.Internal.SingleQueryingEnumerable`1.AsyncEnumerator.MoveNextAsync()
   at Microsoft.EntityFrameworkCore.Query.ShapedQueryCompilingExpressionVisitor.SingleOrDefaultAsync[TSource](IAsyncEnumerable`1 asyncEnumerable, CancellationToken cancellationToken)
   at Microsoft.EntityFrameworkCore.Query.ShapedQueryCompilingExpressionVisitor.SingleOrDefaultAsync[TSource](IAsyncEnumerable`1 asyncEnumerable, CancellationToken cancellationToken)
   at AquaCMS.Services.SettingsService.GetSettingsAsync() in D:\Source.Net\freelance\CatalogaWeb\src\AquaCMS\Services\SettingsService.cs:line 36
   at AquaCMS.Areas.Admin.Controllers.SettingsController.Index() in D:\Source.Net\freelance\CatalogaWeb\src\AquaCMS\Areas\Admin\Controllers\SettingsController.cs:line 41
   at Microsoft.AspNetCore.Mvc.Infrastructure.ActionMethodExecutor.TaskOfIActionResultExecutor.Execute(ActionContext actionContext, IActionResultTypeMapper mapper, ObjectMethodExecutor executor, Object controller, Object[] arguments)
   at Microsoft.AspNetCore.Mvc.Infrastructure.ControllerActionInvoker.<InvokeActionMethodAsync>g__Awaited|12_0(ControllerActionInvoker invoker, ValueTask`1 actionResultValueTask)
   at Microsoft.AspNetCore.Mvc.Infrastructure.ControllerActionInvoker.<InvokeNextActionFilterAsync>g__Awaited|10_0(ControllerActionInvoker invoker, Task lastTask, State next, Scope scope, Object state, Boolean isCompleted)
   at Microsoft.AspNetCore.Mvc.Infrastructure.ControllerActionInvoker.Rethrow(ActionExecutedContextSealed context)
   at Microsoft.AspNetCore.Mvc.Infrastructure.ControllerActionInvoker.Next(State& next, Scope& scope, Object& state, Boolean& isCompleted)
   at Microsoft.AspNetCore.Mvc.Infrastructure.ControllerActionInvoker.<InvokeInnerFilterAsync>g__Awaited|13_0(ControllerActionInvoker invoker, Task lastTask, State next, Scope scope, Object state, Boolean isCompleted)
   at Microsoft.AspNetCore.Mvc.Infrastructure.ResourceInvoker.<InvokeNextResourceFilter>g__Awaited|25_0(ResourceInvoker invoker, Task lastTask, State next, Scope scope, Object state, Boolean isCompleted)
   at Microsoft.AspNetCore.Mvc.Infrastructure.ResourceInvoker.Rethrow(ResourceExecutedContextSealed context)
   at Microsoft.AspNetCore.Mvc.Infrastructure.ResourceInvoker.Next(State& next, Scope& scope, Object& state, Boolean& isCompleted)
   at Microsoft.AspNetCore.Mvc.Infrastructure.ResourceInvoker.<InvokeFilterPipelineAsync>g__Awaited|20_0(ResourceInvoker invoker, Task lastTask, State next, Scope scope, Object state, Boolean isCompleted)
   at Microsoft.AspNetCore.Mvc.Infrastructure.ResourceInvoker.<InvokeAsync>g__Awaited|17_0(ResourceInvoker invoker, Task task, IDisposable scope)
   at Microsoft.AspNetCore.Mvc.Infrastructure.ResourceInvoker.<InvokeAsync>g__Awaited|17_0(ResourceInvoker invoker, Task task, IDisposable scope)
   at Microsoft.AspNetCore.Authorization.AuthorizationMiddleware.Invoke(HttpContext context)
   at Microsoft.AspNetCore.Authentication.AuthenticationMiddleware.Invoke(HttpContext context)
   at Microsoft.AspNetCore.Diagnostics.StatusCodePagesMiddleware.Invoke(HttpContext context)
   at AquaCMS.Modules.Core.Middleware.PageViewTrackingMiddleware.InvokeAsync(HttpContext ctx) in D:\Source.Net\freelance\CatalogaWeb\src\AquaCMS\Modules\Core\Middleware\PageViewTrackingMiddleware.cs:line 43
   at Microsoft.AspNetCore.Diagnostics.DeveloperExceptionPageMiddlewareImpl.Invoke(HttpContext context)
  Exception data:
    Severity: ERROR
    SqlState: 42703
    MessageText: column s.footer_color does not exist
    Position: 372
    File: parse_relation.c
    Line: 3722
    Routine: errorMissingColumn
2026-04-28 16:32:16.672 +07:00 [ERR] HTTP GET /admin/settings responded 500 in 45.4712 ms
2026-04-28 16:32:16.784 +07:00 [ERR] Failed executing DbCommand (2ms) [Parameters=[], CommandType='"Text"', CommandTimeout='30']
SELECT s.id, s.about_content, s.about_image, s.about_title, s.address, s.background_color, s.bank_name, s.bank_number, s.bank_owner, s.chat_auto_reply_message, s.company_name, s.copyright_text, s.default_meta_description, s.default_meta_title, s.default_og_image, s.email, s.email_enabled, s.facebook, s.facebook_pixel_id, s.featured_products_count, s.footer_about_text, s.footer_color, s.footer_text, s.google_analytics_id, s.hero_background_image, s.hero_button_text, s.hero_button_url, s.hero_description, s.hero_subtitle, s.hero_title, s.latest_posts_count, s.logo, s.navbar_color, s.notification_email, s.phone, s.primary_color, s.show_banners, s.show_categories, s.show_facebook, s.show_featured_products, s.show_footer, s.show_hotline, s.show_latest_posts, s.show_nav_cart, s.show_nav_knowledge, s.show_nav_partners, s.show_nav_products, s.show_partners, s.show_telegram, s.show_tiktok, s.show_youtube, s.show_zalo, s.smtp_from_email, s.smtp_from_name, s.smtp_host, s.smtp_password, s.smtp_port, s.smtp_use_ssl, s.smtp_user, s.telegram, s.tiktok, s.updated_at, s.youtube, s.zalo
FROM site_settings AS s
LIMIT 1
2026-04-28 16:32:16.789 +07:00 [ERR] An exception occurred while iterating over the results of a query for context type 'AquaCMS.Data.AppDbContext'.
Npgsql.PostgresException (0x80004005): 42703: column s.footer_color does not exist

POSITION: 372
   at Npgsql.Internal.NpgsqlConnector.ReadMessageLong(Boolean async, DataRowLoadingMode dataRowLoadingMode, Boolean readingNotifications, Boolean isReadingPrependedMessage)
   at System.Runtime.CompilerServices.PoolingAsyncValueTaskMethodBuilder`1.StateMachineBox`1.System.Threading.Tasks.Sources.IValueTaskSource<TResult>.GetResult(Int16 token)
   at Npgsql.NpgsqlDataReader.NextResult(Boolean async, Boolean isConsuming, CancellationToken cancellationToken)
   at Npgsql.NpgsqlDataReader.NextResult(Boolean async, Boolean isConsuming, CancellationToken cancellationToken)
   at Npgsql.NpgsqlCommand.ExecuteReader(Boolean async, CommandBehavior behavior, CancellationToken cancellationToken)
   at Npgsql.NpgsqlCommand.ExecuteReader(Boolean async, CommandBehavior behavior, CancellationToken cancellationToken)
   at Npgsql.NpgsqlCommand.ExecuteDbDataReaderAsync(CommandBehavior behavior, CancellationToken cancellationToken)
   at Microsoft.EntityFrameworkCore.Storage.RelationalCommand.ExecuteReaderAsync(RelationalCommandParameterObject parameterObject, CancellationToken cancellationToken)
   at Microsoft.EntityFrameworkCore.Storage.RelationalCommand.ExecuteReaderAsync(RelationalCommandParameterObject parameterObject, CancellationToken cancellationToken)
   at Microsoft.EntityFrameworkCore.Query.Internal.SingleQueryingEnumerable`1.AsyncEnumerator.InitializeReaderAsync(AsyncEnumerator enumerator, CancellationToken cancellationToken)
   at Npgsql.EntityFrameworkCore.PostgreSQL.Storage.Internal.NpgsqlExecutionStrategy.ExecuteAsync[TState,TResult](TState state, Func`4 operation, Func`4 verifySucceeded, CancellationToken cancellationToken)
   at Microsoft.EntityFrameworkCore.Query.Internal.SingleQueryingEnumerable`1.AsyncEnumerator.MoveNextAsync()
  Exception data:
    Severity: ERROR
    SqlState: 42703
    MessageText: column s.footer_color does not exist
    Position: 372
    File: parse_relation.c
    Line: 3722
    Routine: errorMissingColumn
Npgsql.PostgresException (0x80004005): 42703: column s.footer_color does not exist

POSITION: 372
   at Npgsql.Internal.NpgsqlConnector.ReadMessageLong(Boolean async, DataRowLoadingMode dataRowLoadingMode, Boolean readingNotifications, Boolean isReadingPrependedMessage)
   at System.Runtime.CompilerServices.PoolingAsyncValueTaskMethodBuilder`1.StateMachineBox`1.System.Threading.Tasks.Sources.IValueTaskSource<TResult>.GetResult(Int16 token)
   at Npgsql.NpgsqlDataReader.NextResult(Boolean async, Boolean isConsuming, CancellationToken cancellationToken)
   at Npgsql.NpgsqlDataReader.NextResult(Boolean async, Boolean isConsuming, CancellationToken cancellationToken)
   at Npgsql.NpgsqlCommand.ExecuteReader(Boolean async, CommandBehavior behavior, CancellationToken cancellationToken)
   at Npgsql.NpgsqlCommand.ExecuteReader(Boolean async, CommandBehavior behavior, CancellationToken cancellationToken)
   at Npgsql.NpgsqlCommand.ExecuteDbDataReaderAsync(CommandBehavior behavior, CancellationToken cancellationToken)
   at Microsoft.EntityFrameworkCore.Storage.RelationalCommand.ExecuteReaderAsync(RelationalCommandParameterObject parameterObject, CancellationToken cancellationToken)
   at Microsoft.EntityFrameworkCore.Storage.RelationalCommand.ExecuteReaderAsync(RelationalCommandParameterObject parameterObject, CancellationToken cancellationToken)
   at Microsoft.EntityFrameworkCore.Query.Internal.SingleQueryingEnumerable`1.AsyncEnumerator.InitializeReaderAsync(AsyncEnumerator enumerator, CancellationToken cancellationToken)
   at Npgsql.EntityFrameworkCore.PostgreSQL.Storage.Internal.NpgsqlExecutionStrategy.ExecuteAsync[TState,TResult](TState state, Func`4 operation, Func`4 verifySucceeded, CancellationToken cancellationToken)
   at Microsoft.EntityFrameworkCore.Query.Internal.SingleQueryingEnumerable`1.AsyncEnumerator.MoveNextAsync()
  Exception data:
    Severity: ERROR
    SqlState: 42703
    MessageText: column s.footer_color does not exist
    Position: 372
    File: parse_relation.c
    Line: 3722
    Routine: errorMissingColumn
2026-04-28 16:32:16.807 +07:00 [ERR] An unhandled exception has occurred while executing the request.
Npgsql.PostgresException (0x80004005): 42703: column s.footer_color does not exist

POSITION: 372
   at Npgsql.Internal.NpgsqlConnector.ReadMessageLong(Boolean async, DataRowLoadingMode dataRowLoadingMode, Boolean readingNotifications, Boolean isReadingPrependedMessage)
   at System.Runtime.CompilerServices.PoolingAsyncValueTaskMethodBuilder`1.StateMachineBox`1.System.Threading.Tasks.Sources.IValueTaskSource<TResult>.GetResult(Int16 token)
   at Npgsql.NpgsqlDataReader.NextResult(Boolean async, Boolean isConsuming, CancellationToken cancellationToken)
   at Npgsql.NpgsqlDataReader.NextResult(Boolean async, Boolean isConsuming, CancellationToken cancellationToken)
   at Npgsql.NpgsqlCommand.ExecuteReader(Boolean async, CommandBehavior behavior, CancellationToken cancellationToken)
   at Npgsql.NpgsqlCommand.ExecuteReader(Boolean async, CommandBehavior behavior, CancellationToken cancellationToken)
   at Npgsql.NpgsqlCommand.ExecuteDbDataReaderAsync(CommandBehavior behavior, CancellationToken cancellationToken)
   at Microsoft.EntityFrameworkCore.Storage.RelationalCommand.ExecuteReaderAsync(RelationalCommandParameterObject parameterObject, CancellationToken cancellationToken)
   at Microsoft.EntityFrameworkCore.Storage.RelationalCommand.ExecuteReaderAsync(RelationalCommandParameterObject parameterObject, CancellationToken cancellationToken)
   at Microsoft.EntityFrameworkCore.Query.Internal.SingleQueryingEnumerable`1.AsyncEnumerator.InitializeReaderAsync(AsyncEnumerator enumerator, CancellationToken cancellationToken)
   at Npgsql.EntityFrameworkCore.PostgreSQL.Storage.Internal.NpgsqlExecutionStrategy.ExecuteAsync[TState,TResult](TState state, Func`4 operation, Func`4 verifySucceeded, CancellationToken cancellationToken)
   at Microsoft.EntityFrameworkCore.Query.Internal.SingleQueryingEnumerable`1.AsyncEnumerator.MoveNextAsync()
   at Microsoft.EntityFrameworkCore.Query.ShapedQueryCompilingExpressionVisitor.SingleOrDefaultAsync[TSource](IAsyncEnumerable`1 asyncEnumerable, CancellationToken cancellationToken)
   at Microsoft.EntityFrameworkCore.Query.ShapedQueryCompilingExpressionVisitor.SingleOrDefaultAsync[TSource](IAsyncEnumerable`1 asyncEnumerable, CancellationToken cancellationToken)
   at AquaCMS.Services.SettingsService.GetSettingsAsync() in D:\Source.Net\freelance\CatalogaWeb\src\AquaCMS\Services\SettingsService.cs:line 36
   at AquaCMS.Areas.Admin.Controllers.SettingsController.Index() in D:\Source.Net\freelance\CatalogaWeb\src\AquaCMS\Areas\Admin\Controllers\SettingsController.cs:line 41
   at Microsoft.AspNetCore.Mvc.Infrastructure.ActionMethodExecutor.TaskOfIActionResultExecutor.Execute(ActionContext actionContext, IActionResultTypeMapper mapper, ObjectMethodExecutor executor, Object controller, Object[] arguments)
   at Microsoft.AspNetCore.Mvc.Infrastructure.ControllerActionInvoker.<InvokeActionMethodAsync>g__Awaited|12_0(ControllerActionInvoker invoker, ValueTask`1 actionResultValueTask)
   at Microsoft.AspNetCore.Mvc.Infrastructure.ControllerActionInvoker.<InvokeNextActionFilterAsync>g__Awaited|10_0(ControllerActionInvoker invoker, Task lastTask, State next, Scope scope, Object state, Boolean isCompleted)
   at Microsoft.AspNetCore.Mvc.Infrastructure.ControllerActionInvoker.Rethrow(ActionExecutedContextSealed context)
   at Microsoft.AspNetCore.Mvc.Infrastructure.ControllerActionInvoker.Next(State& next, Scope& scope, Object& state, Boolean& isCompleted)
   at Microsoft.AspNetCore.Mvc.Infrastructure.ControllerActionInvoker.<InvokeInnerFilterAsync>g__Awaited|13_0(ControllerActionInvoker invoker, Task lastTask, State next, Scope scope, Object state, Boolean isCompleted)
   at Microsoft.AspNetCore.Mvc.Infrastructure.ResourceInvoker.<InvokeNextResourceFilter>g__Awaited|25_0(ResourceInvoker invoker, Task lastTask, State next, Scope scope, Object state, Boolean isCompleted)
   at Microsoft.AspNetCore.Mvc.Infrastructure.ResourceInvoker.Rethrow(ResourceExecutedContextSealed context)
   at Microsoft.AspNetCore.Mvc.Infrastructure.ResourceInvoker.Next(State& next, Scope& scope, Object& state, Boolean& isCompleted)
   at Microsoft.AspNetCore.Mvc.Infrastructure.ResourceInvoker.<InvokeFilterPipelineAsync>g__Awaited|20_0(ResourceInvoker invoker, Task lastTask, State next, Scope scope, Object state, Boolean isCompleted)
   at Microsoft.AspNetCore.Mvc.Infrastructure.ResourceInvoker.<InvokeAsync>g__Awaited|17_0(ResourceInvoker invoker, Task task, IDisposable scope)
   at Microsoft.AspNetCore.Mvc.Infrastructure.ResourceInvoker.<InvokeAsync>g__Awaited|17_0(ResourceInvoker invoker, Task task, IDisposable scope)
   at Microsoft.AspNetCore.Authorization.AuthorizationMiddleware.Invoke(HttpContext context)
   at Microsoft.AspNetCore.Authentication.AuthenticationMiddleware.Invoke(HttpContext context)
   at Microsoft.AspNetCore.Diagnostics.StatusCodePagesMiddleware.Invoke(HttpContext context)
   at AquaCMS.Modules.Core.Middleware.PageViewTrackingMiddleware.InvokeAsync(HttpContext ctx) in D:\Source.Net\freelance\CatalogaWeb\src\AquaCMS\Modules\Core\Middleware\PageViewTrackingMiddleware.cs:line 43
   at Microsoft.AspNetCore.Diagnostics.DeveloperExceptionPageMiddlewareImpl.Invoke(HttpContext context)
  Exception data:
    Severity: ERROR
    SqlState: 42703
    MessageText: column s.footer_color does not exist
    Position: 372
    File: parse_relation.c
    Line: 3722
    Routine: errorMissingColumn
2026-04-28 16:32:16.833 +07:00 [ERR] HTTP GET /admin/settings responded 500 in 52.1925 ms
2026-04-28 16:32:19.281 +07:00 [INF] HTTP POST /hubs/chat/negotiate responded 200 in 0.5673 ms
2026-04-28 16:32:19.297 +07:00 [INF] HTTP GET /hubs/chat responded 101 in 308098.4969 ms
2026-04-28 16:32:49.307 +07:00 [INF] HTTP GET /hubs/chat responded 101 in 30020.7095 ms
2026-04-28 16:35:19.133 +07:00 [INF] ✅ Kết nối Database thành công.
2026-04-28 16:35:19.174 +07:00 [INF] ⏳ Đang kiểm tra cấu trúc Database...
2026-04-28 16:35:19.553 +07:00 [INF] ✅ Cấu trúc Database đã sẵn sàng.
2026-04-28 16:35:19.568 +07:00 [INF] ✅ Checked/Created implicit cast for user_role
2026-04-28 16:35:19.573 +07:00 [INF] ✅ Checked/Created implicit cast for product_status
2026-04-28 16:35:19.576 +07:00 [INF] ⏳ Checking for admin user...
2026-04-28 16:35:19.618 +07:00 [INF] ✅ Admin check completed
2026-04-28 16:35:19.619 +07:00 [INF] ✅ Admin user already exists
2026-04-28 16:35:19.620 +07:00 [INF] ⏳ Checking for placeholder users...
2026-04-28 16:35:19.677 +07:00 [INF] ✅ Placeholder users check completed
2026-04-28 16:35:19.678 +07:00 [INF] ⏳ Checking SiteSettings...
2026-04-28 16:35:19.687 +07:00 [INF] ✅ SiteSettings already exists
2026-04-28 16:35:19.688 +07:00 [INF] ⏳ Checking for test data...
2026-04-28 16:35:19.703 +07:00 [INF] ⏭️ Test data already exists, skipping seeding.
2026-04-28 16:35:19.705 +07:00 [INF] ✅ Test data check completed
2026-04-28 16:35:19.705 +07:00 [INF] ✅ Database seeding completed successfully!
2026-04-28 16:35:56.078 +07:00 [WRN] The query uses the 'First'/'FirstOrDefault' operator without 'OrderBy' and filter operators. This may lead to unpredictable results.
2026-04-28 16:35:56.516 +07:00 [INF] HTTP GET /admin/settings responded 200 in 793.9323 ms
2026-04-28 16:36:07.280 +07:00 [INF] HTTP POST /hubs/chat/negotiate responded 200 in 11.8712 ms
2026-04-28 16:36:07.323 +07:00 [INF] HTTP GET / responded 200 in 734.0269 ms
2026-04-28 16:36:07.428 +07:00 [INF] HTTP GET /uploads/categories/may-suc-khi.jpg responded 404 in 122.4786 ms
2026-04-28 16:36:07.428 +07:00 [INF] HTTP GET /uploads/categories/phu-kien.jpg responded 404 in 121.8635 ms
2026-04-28 16:36:07.428 +07:00 [INF] HTTP GET /uploads/categories/khung-ao.jpg responded 404 in 122.0489 ms
2026-04-28 16:42:25.249 +07:00 [INF] HTTP POST /hubs/chat/negotiate responded 200 in 0.6737 ms
2026-04-28 16:42:25.263 +07:00 [INF] HTTP GET /hubs/chat responded 101 in 377876.7819 ms
2026-04-28 16:42:55.245 +07:00 [INF] HTTP GET /hubs/chat responded 101 in 29991.5253 ms
2026-04-28 16:44:58.824 +07:00 [INF] ✅ Kết nối Database thành công.
2026-04-28 16:44:58.869 +07:00 [INF] ⏳ Đang kiểm tra cấu trúc Database...
2026-04-28 16:44:59.221 +07:00 [INF] ✅ Cấu trúc Database đã sẵn sàng.
2026-04-28 16:44:59.235 +07:00 [INF] ✅ Checked/Created implicit cast for user_role
2026-04-28 16:44:59.240 +07:00 [INF] ✅ Checked/Created implicit cast for product_status
2026-04-28 16:44:59.242 +07:00 [INF] ⏳ Checking for admin user...
2026-04-28 16:44:59.282 +07:00 [INF] ✅ Admin check completed
2026-04-28 16:44:59.284 +07:00 [INF] ✅ Admin user already exists
2026-04-28 16:44:59.285 +07:00 [INF] ⏳ Checking for placeholder users...
2026-04-28 16:44:59.340 +07:00 [INF] ✅ Placeholder users check completed
2026-04-28 16:44:59.341 +07:00 [INF] ⏳ Checking SiteSettings...
2026-04-28 16:44:59.350 +07:00 [INF] ✅ SiteSettings already exists
2026-04-28 16:44:59.351 +07:00 [INF] ⏳ Checking for test data...
2026-04-28 16:44:59.368 +07:00 [INF] ⏭️ Test data already exists, skipping seeding.
2026-04-28 16:44:59.370 +07:00 [INF] ✅ Test data check completed
2026-04-28 16:44:59.372 +07:00 [INF] ✅ Database seeding completed successfully!
2026-04-28 16:45:06.887 +07:00 [INF] HTTP POST /hubs/chat/negotiate responded 200 in 13.3190 ms
2026-04-28 16:45:07.021 +07:00 [INF] HTTP GET / responded 200 in 1209.9938 ms
2026-04-28 16:45:08.620 +07:00 [INF] HTTP GET /uploads/categories/phu-kien.jpg responded 404 in 81.1741 ms
2026-04-28 16:45:08.621 +07:00 [INF] HTTP GET /uploads/categories/may-suc-khi.jpg responded 404 in 81.9493 ms
2026-04-28 16:45:08.621 +07:00 [INF] HTTP GET /uploads/categories/khung-ao.jpg responded 404 in 81.9477 ms
2026-04-28 16:45:12.376 +07:00 [INF] HTTP GET /dat-ngon-ngu/en responded 302 in 9.1224 ms
2026-04-28 16:45:12.404 +07:00 [INF] HTTP GET / responded 200 in 21.1196 ms
2026-04-28 16:45:12.424 +07:00 [INF] HTTP GET /hubs/chat responded 101 in 5516.1443 ms
2026-04-28 16:45:12.540 +07:00 [INF] HTTP GET /uploads/categories/may-suc-khi.jpg responded 404 in 2.5880 ms
2026-04-28 16:45:12.540 +07:00 [INF] HTTP GET /uploads/categories/khung-ao.jpg responded 404 in 2.0389 ms
2026-04-28 16:45:12.540 +07:00 [INF] HTTP GET /uploads/categories/phu-kien.jpg responded 404 in 1.8858 ms
2026-04-28 16:45:12.544 +07:00 [INF] HTTP POST /hubs/chat/negotiate responded 200 in 1.1441 ms
2026-04-28 16:45:13.253 +07:00 [INF] HTTP GET /dat-ngon-ngu/vi responded 302 in 1.2040 ms
2026-04-28 16:45:13.281 +07:00 [INF] HTTP GET / responded 200 in 16.8086 ms
2026-04-28 16:45:13.292 +07:00 [INF] HTTP GET /hubs/chat responded 101 in 663.5530 ms
2026-04-28 16:45:13.409 +07:00 [INF] HTTP GET /uploads/categories/khung-ao.jpg responded 404 in 1.3289 ms
2026-04-28 16:45:13.409 +07:00 [INF] HTTP GET /uploads/categories/phu-kien.jpg responded 404 in 1.1972 ms
2026-04-28 16:45:13.410 +07:00 [INF] HTTP GET /uploads/categories/may-suc-khi.jpg responded 404 in 1.9186 ms
2026-04-28 16:45:13.413 +07:00 [INF] HTTP POST /hubs/chat/negotiate responded 200 in 0.5700 ms
2026-04-28 16:45:14.111 +07:00 [INF] HTTP GET /dat-ngon-ngu/en responded 302 in 0.8211 ms
2026-04-28 16:45:14.138 +07:00 [INF] HTTP GET / responded 200 in 17.6238 ms
2026-04-28 16:45:14.149 +07:00 [INF] HTTP GET /hubs/chat responded 101 in 661.8032 ms
2026-04-28 16:45:14.260 +07:00 [INF] HTTP GET /uploads/categories/may-suc-khi.jpg responded 404 in 1.2489 ms
2026-04-28 16:45:14.260 +07:00 [INF] HTTP GET /uploads/categories/khung-ao.jpg responded 404 in 1.2384 ms
2026-04-28 16:45:14.260 +07:00 [INF] HTTP GET /uploads/categories/phu-kien.jpg responded 404 in 1.2766 ms
2026-04-28 16:45:14.263 +07:00 [INF] HTTP POST /hubs/chat/negotiate responded 200 in 0.5052 ms
2026-04-28 16:45:14.932 +07:00 [INF] HTTP GET /dat-ngon-ngu/vi responded 302 in 0.9065 ms
2026-04-28 16:45:14.955 +07:00 [INF] HTTP GET / responded 200 in 13.5357 ms
2026-04-28 16:45:14.965 +07:00 [INF] HTTP GET /hubs/chat responded 101 in 628.4455 ms
2026-04-28 16:45:15.078 +07:00 [INF] HTTP GET /uploads/categories/phu-kien.jpg responded 404 in 1.4044 ms
2026-04-28 16:45:15.078 +07:00 [INF] HTTP GET /uploads/categories/khung-ao.jpg responded 404 in 1.4584 ms
2026-04-28 16:45:15.078 +07:00 [INF] HTTP GET /uploads/categories/may-suc-khi.jpg responded 404 in 1.5559 ms
2026-04-28 16:45:15.081 +07:00 [INF] HTTP POST /hubs/chat/negotiate responded 200 in 0.6893 ms
2026-04-28 16:45:15.728 +07:00 [INF] HTTP GET /dat-ngon-ngu/en responded 302 in 0.6238 ms
2026-04-28 16:45:15.752 +07:00 [INF] HTTP GET / responded 200 in 12.2979 ms
2026-04-28 16:45:15.764 +07:00 [INF] HTTP GET /hubs/chat responded 101 in 607.9264 ms
2026-04-28 16:45:15.872 +07:00 [INF] HTTP GET /uploads/categories/khung-ao.jpg responded 404 in 1.7960 ms
2026-04-28 16:45:15.872 +07:00 [INF] HTTP GET /uploads/categories/phu-kien.jpg responded 404 in 1.7047 ms
2026-04-28 16:45:15.872 +07:00 [INF] HTTP GET /uploads/categories/may-suc-khi.jpg responded 404 in 1.9670 ms
2026-04-28 16:45:15.872 +07:00 [INF] HTTP POST /hubs/chat/negotiate responded 200 in 0.3567 ms
2026-04-28 16:45:16.528 +07:00 [INF] HTTP GET /dat-ngon-ngu/vi responded 302 in 0.5369 ms
2026-04-28 16:45:16.551 +07:00 [INF] HTTP GET / responded 200 in 13.4418 ms
2026-04-28 16:45:16.561 +07:00 [INF] HTTP GET /hubs/chat responded 101 in 610.3620 ms
2026-04-28 16:45:16.672 +07:00 [INF] HTTP GET /uploads/categories/khung-ao.jpg responded 404 in 1.3586 ms
2026-04-28 16:45:16.672 +07:00 [INF] HTTP GET /uploads/categories/may-suc-khi.jpg responded 404 in 1.3597 ms
2026-04-28 16:45:16.672 +07:00 [INF] HTTP GET /uploads/categories/phu-kien.jpg responded 404 in 1.3790 ms
2026-04-28 16:45:16.676 +07:00 [INF] HTTP POST /hubs/chat/negotiate responded 200 in 0.4471 ms
2026-04-28 16:45:18.338 +07:00 [INF] HTTP GET / responded 200 in 16.8979 ms
2026-04-28 16:45:18.346 +07:00 [INF] HTTP GET /hubs/chat responded 101 in 1586.8072 ms
2026-04-28 16:45:18.457 +07:00 [INF] HTTP GET /uploads/categories/phu-kien.jpg responded 404 in 1.4760 ms
2026-04-28 16:45:18.457 +07:00 [INF] HTTP GET /uploads/categories/khung-ao.jpg responded 404 in 1.5656 ms
2026-04-28 16:45:18.457 +07:00 [INF] HTTP GET /uploads/categories/may-suc-khi.jpg responded 404 in 1.5769 ms
2026-04-28 16:45:18.461 +07:00 [INF] HTTP POST /hubs/chat/negotiate responded 200 in 0.3976 ms
2026-04-28 16:45:41.055 +07:00 [INF] HTTP GET /admin/categories responded 200 in 51.7525 ms
2026-04-28 16:45:41.067 +07:00 [INF] HTTP GET /uploads/categories/may-suc-khi.jpg responded 404 in 1.4364 ms
2026-04-28 16:45:41.082 +07:00 [INF] HTTP GET /uploads/categories/khung-ao.jpg responded 404 in 1.5637 ms
2026-04-28 16:45:41.083 +07:00 [INF] HTTP GET /uploads/categories/phu-kien.jpg responded 404 in 1.3991 ms
2026-04-28 16:45:44.144 +07:00 [INF] HTTP GET /admin/categories/create responded 200 in 54.6669 ms
2026-04-28 16:45:47.359 +07:00 [INF] HTTP GET /admin/categories/edit/beb9c53d-8259-465b-9b3c-20c4fd64d1aa responded 200 in 60.9870 ms
2026-04-28 16:45:53.220 +07:00 [INF] HTTP POST /admin/categories/edit/beb9c53d-8259-465b-9b3c-20c4fd64d1aa responded 302 in 87.5026 ms
2026-04-28 16:45:53.234 +07:00 [INF] HTTP GET /admin/Categories responded 200 in 6.5495 ms
2026-04-28 16:45:53.253 +07:00 [INF] HTTP GET /uploads/categories/may-suc-khi.jpg responded 404 in 0.9495 ms
2026-04-28 16:45:53.258 +07:00 [INF] HTTP GET /uploads/categories/khung-ao.jpg responded 404 in 1.8757 ms
2026-04-28 16:45:53.273 +07:00 [INF] HTTP GET /uploads/categories/phu-kien.jpg responded 404 in 1.1245 ms
2026-04-28 16:45:56.613 +07:00 [INF] HTTP GET /admin/products responded 200 in 96.0312 ms
2026-04-28 16:46:02.049 +07:00 [INF] HTTP GET /admin/products/create responded 200 in 133.3146 ms
2026-04-28 16:46:16.545 +07:00 [INF] HTTP GET /admin/products/edit/dd2340b4-c403-45f4-b46c-2a2f22b04d82 responded 200 in 42.2758 ms
2026-04-28 16:48:33.192 +07:00 [INF] HTTP GET /hubs/chat responded 101 in 194654.7076 ms
2026-04-28 16:48:33.201 +07:00 [INF] HTTP POST /hubs/chat/negotiate responded 200 in 0.3221 ms
2026-04-28 16:48:45.985 +07:00 [INF] ✅ Kết nối Database thành công.
2026-04-28 16:48:46.024 +07:00 [INF] ⏳ Đang kiểm tra cấu trúc Database...
2026-04-28 16:48:46.601 +07:00 [INF] ✅ Cấu trúc Database đã sẵn sàng.
2026-04-28 16:48:46.619 +07:00 [INF] ✅ Checked/Created implicit cast for user_role
2026-04-28 16:48:46.625 +07:00 [INF] ✅ Checked/Created implicit cast for product_status
2026-04-28 16:48:46.627 +07:00 [INF] ⏳ Checking for admin user...
2026-04-28 16:48:46.673 +07:00 [INF] ✅ Admin check completed
2026-04-28 16:48:46.675 +07:00 [INF] ✅ Admin user already exists
2026-04-28 16:48:46.677 +07:00 [INF] ⏳ Checking for placeholder users...
2026-04-28 16:48:46.739 +07:00 [INF] ✅ Placeholder users check completed
2026-04-28 16:48:46.741 +07:00 [INF] ⏳ Checking SiteSettings...
2026-04-28 16:48:46.751 +07:00 [INF] ✅ SiteSettings already exists
2026-04-28 16:48:46.753 +07:00 [INF] ⏳ Checking for test data...
2026-04-28 16:48:46.773 +07:00 [INF] ⏭️ Test data already exists, skipping seeding.
2026-04-28 16:48:46.775 +07:00 [INF] ✅ Test data check completed
2026-04-28 16:48:46.777 +07:00 [INF] ✅ Database seeding completed successfully!
2026-04-28 16:48:48.207 +07:00 [INF] HTTP POST /hubs/chat/negotiate responded 200 in 65.3583 ms
2026-04-28 16:48:51.159 +07:00 [INF] HTTP GET /admin/products/edit/dd2340b4-c403-45f4-b46c-2a2f22b04d82 responded 200 in 629.3307 ms
2026-04-28 16:49:01.055 +07:00 [INF] HTTP GET /admin/categories responded 200 in 108.5885 ms
2026-04-28 16:49:01.415 +07:00 [INF] HTTP GET /uploads/categories/khung-ao.jpg responded 404 in 351.9241 ms
2026-04-28 16:49:01.415 +07:00 [INF] HTTP GET /uploads/categories/may-suc-khi.jpg responded 404 in 351.9237 ms
2026-04-28 16:49:01.415 +07:00 [INF] HTTP GET /uploads/categories/phu-kien.jpg responded 404 in 318.6597 ms
2026-04-28 16:49:02.357 +07:00 [INF] HTTP GET /admin/products responded 200 in 191.6513 ms
2026-04-28 16:49:03.093 +07:00 [INF] HTTP GET /admin/products/create responded 200 in 19.6906 ms
2026-04-28 16:49:07.465 +07:00 [INF] HTTP GET /admin/products responded 200 in 34.4424 ms
2026-04-28 16:49:09.008 +07:00 [INF] HTTP GET /admin/products/edit/dd2340b4-c403-45f4-b46c-2a2f22b04d82 responded 200 in 23.9023 ms
2026-04-28 16:49:14.002 +07:00 [INF] HTTP GET /admin/products/edit/dd2340b4-c403-45f4-b46c-2a2f22b04d82 responded 200 in 12.1004 ms
2026-04-28 16:50:28.291 +07:00 [INF] HTTP GET /admin/products/edit/dd2340b4-c403-45f4-b46c-2a2f22b04d82 responded 200 in 10.9989 ms
2026-04-28 16:50:34.667 +07:00 [INF] HTTP POST /hubs/chat/negotiate responded 200 in 0.4766 ms
2026-04-28 16:50:34.679 +07:00 [INF] HTTP GET /hubs/chat responded 101 in 106465.1621 ms
2026-04-28 16:51:04.670 +07:00 [INF] HTTP GET /hubs/chat responded 101 in 29997.3959 ms
2026-04-28 16:51:40.915 +07:00 [INF] ✅ Kết nối Database thành công.
2026-04-28 16:51:40.957 +07:00 [INF] ⏳ Đang kiểm tra cấu trúc Database...
2026-04-28 16:51:41.357 +07:00 [INF] ✅ Cấu trúc Database đã sẵn sàng.
2026-04-28 16:51:41.375 +07:00 [INF] ✅ Checked/Created implicit cast for user_role
2026-04-28 16:51:41.380 +07:00 [INF] ✅ Checked/Created implicit cast for product_status
2026-04-28 16:51:41.382 +07:00 [INF] ⏳ Checking for admin user...
2026-04-28 16:51:41.427 +07:00 [INF] ✅ Admin check completed
2026-04-28 16:51:41.429 +07:00 [INF] ✅ Admin user already exists
2026-04-28 16:51:41.430 +07:00 [INF] ⏳ Checking for placeholder users...
2026-04-28 16:51:41.486 +07:00 [INF] ✅ Placeholder users check completed
2026-04-28 16:51:41.488 +07:00 [INF] ⏳ Checking SiteSettings...
2026-04-28 16:51:41.499 +07:00 [INF] ✅ SiteSettings already exists
2026-04-28 16:51:41.501 +07:00 [INF] ⏳ Checking for test data...
2026-04-28 16:51:41.517 +07:00 [INF] ⏭️ Test data already exists, skipping seeding.
2026-04-28 16:51:41.518 +07:00 [INF] ✅ Test data check completed
2026-04-28 16:51:41.521 +07:00 [INF] ✅ Database seeding completed successfully!
2026-04-28 16:52:03.197 +07:00 [INF] HTTP POST /hubs/chat/negotiate responded 200 in 50.9800 ms
2026-04-28 16:52:21.548 +07:00 [INF] HTTP GET /admin/products/edit/dd2340b4-c403-45f4-b46c-2a2f22b04d82 responded 200 in 596.2834 ms
2026-04-28 16:52:28.085 +07:00 [INF] HTTP GET /.well-known/appspecific/com.chrome.devtools.json responded 404 in 446.9076 ms
2026-04-28 16:52:40.691 +07:00 [INF] HTTP GET /admin/products/edit/dd2340b4-c403-45f4-b46c-2a2f22b04d82 responded 200 in 38.3285 ms
2026-04-28 16:52:40.783 +07:00 [INF] HTTP GET /.well-known/appspecific/com.chrome.devtools.json responded 404 in 5.8150 ms
2026-04-28 16:52:53.253 +07:00 [INF] HTTP GET /admin/products/edit/dd2340b4-c403-45f4-b46c-2a2f22b04d82 responded 200 in 19.4377 ms
2026-04-28 16:52:53.311 +07:00 [INF] HTTP GET /.well-known/appspecific/com.chrome.devtools.json responded 404 in 2.0443 ms
2026-04-28 16:54:06.823 +07:00 [INF] HTTP POST /hubs/chat/negotiate responded 200 in 0.9591 ms
2026-04-28 16:54:06.839 +07:00 [INF] HTTP GET /hubs/chat responded 101 in 123636.6545 ms
2026-04-28 16:54:36.827 +07:00 [INF] HTTP GET /hubs/chat responded 101 in 29997.6640 ms
2026-04-28 16:54:57.985 +07:00 [INF] ✅ Kết nối Database thành công.
2026-04-28 16:54:58.042 +07:00 [INF] ⏳ Đang kiểm tra cấu trúc Database...
2026-04-28 16:54:58.502 +07:00 [INF] ✅ Cấu trúc Database đã sẵn sàng.
2026-04-28 16:54:58.519 +07:00 [INF] ✅ Checked/Created implicit cast for user_role
2026-04-28 16:54:58.524 +07:00 [INF] ✅ Checked/Created implicit cast for product_status
2026-04-28 16:54:58.526 +07:00 [INF] ⏳ Checking for admin user...
2026-04-28 16:54:58.574 +07:00 [INF] ✅ Admin check completed
2026-04-28 16:54:58.576 +07:00 [INF] ✅ Admin user already exists
2026-04-28 16:54:58.578 +07:00 [INF] ⏳ Checking for placeholder users...
2026-04-28 16:54:58.636 +07:00 [INF] ✅ Placeholder users check completed
2026-04-28 16:54:58.638 +07:00 [INF] ⏳ Checking SiteSettings...
2026-04-28 16:54:58.647 +07:00 [INF] ✅ SiteSettings already exists
2026-04-28 16:54:58.649 +07:00 [INF] ⏳ Checking for test data...
2026-04-28 16:54:58.663 +07:00 [INF] ⏭️ Test data already exists, skipping seeding.
2026-04-28 16:54:58.664 +07:00 [INF] ✅ Test data check completed
2026-04-28 16:54:58.667 +07:00 [INF] ✅ Database seeding completed successfully!
2026-04-28 16:55:03.213 +07:00 [INF] HTTP POST /hubs/chat/negotiate responded 200 in 63.5020 ms
2026-04-28 16:55:31.161 +07:00 [INF] HTTP GET /admin/products/edit/dd2340b4-c403-45f4-b46c-2a2f22b04d82 responded 200 in 614.1924 ms
2026-04-28 16:55:37.065 +07:00 [INF] HTTP GET /admin/products responded 200 in 238.6051 ms
2026-04-28 16:55:37.855 +07:00 [INF] HTTP GET /admin/products/create responded 200 in 22.7873 ms
2026-04-28 16:55:47.780 +07:00 [INF] HTTP GET /admin/products/edit/2b6e874b-7159-4c9c-af9a-5b9e97c21934 responded 200 in 15.6055 ms
2026-04-28 16:55:51.510 +07:00 [INF] HTTP GET /admin/products responded 200 in 17.8143 ms
2026-04-28 16:55:52.800 +07:00 [INF] HTTP GET /admin/products/edit/dd2340b4-c403-45f4-b46c-2a2f22b04d82 responded 200 in 12.7575 ms
2026-04-28 16:56:04.768 +07:00 [INF] HTTP GET /.well-known/appspecific/com.chrome.devtools.json responded 404 in 288.3820 ms
2026-04-28 16:56:18.945 +07:00 [INF] HTTP GET /admin/products/edit/dd2340b4-c403-45f4-b46c-2a2f22b04d82 responded 200 in 10.3112 ms
2026-04-28 16:56:19.037 +07:00 [INF] HTTP GET /.well-known/appspecific/com.chrome.devtools.json responded 404 in 5.9692 ms
2026-04-28 16:58:38.093 +07:00 [INF] HTTP POST /hubs/chat/negotiate responded 200 in 0.7323 ms
2026-04-28 16:58:38.102 +07:00 [INF] HTTP GET /hubs/chat responded 101 in 214885.8168 ms
2026-04-28 16:59:08.087 +07:00 [INF] HTTP GET /hubs/chat responded 101 in 29989.6718 ms
2026-04-28 17:07:42.549 +07:00 [INF] ✅ Kết nối Database thành công.
2026-04-28 17:07:42.605 +07:00 [INF] ⏳ Đang kiểm tra cấu trúc Database...
2026-04-28 17:07:43.026 +07:00 [INF] ✅ Cấu trúc Database đã sẵn sàng.
2026-04-28 17:07:43.041 +07:00 [INF] ✅ Checked/Created implicit cast for user_role
2026-04-28 17:07:43.045 +07:00 [INF] ✅ Checked/Created implicit cast for product_status
2026-04-28 17:07:43.046 +07:00 [INF] ⏳ Checking for admin user...
2026-04-28 17:07:43.089 +07:00 [INF] ✅ Admin check completed
2026-04-28 17:07:43.091 +07:00 [INF] ✅ Admin user already exists
2026-04-28 17:07:43.092 +07:00 [INF] ⏳ Checking for placeholder users...
2026-04-28 17:07:43.174 +07:00 [INF] ✅ Placeholder users check completed
2026-04-28 17:07:43.176 +07:00 [INF] ⏳ Checking SiteSettings...
2026-04-28 17:07:43.184 +07:00 [INF] ✅ SiteSettings already exists
2026-04-28 17:07:43.186 +07:00 [INF] ⏳ Checking for test data...
2026-04-28 17:07:43.204 +07:00 [INF] ⏭️ Test data already exists, skipping seeding.
2026-04-28 17:07:43.206 +07:00 [INF] ✅ Test data check completed
2026-04-28 17:07:43.207 +07:00 [INF] ✅ Database seeding completed successfully!
2026-04-28 17:08:35.861 +07:00 [INF] HTTP GET /admin/products/edit/dd2340b4-c403-45f4-b46c-2a2f22b04d82 responded 200 in 657.2748 ms
2026-04-28 17:08:48.619 +07:00 [INF] HTTP GET /admin/products responded 200 in 290.4631 ms
2026-04-28 17:08:49.878 +07:00 [INF] HTTP GET /admin/products/edit/dd2340b4-c403-45f4-b46c-2a2f22b04d82 responded 200 in 20.9983 ms
2026-04-28 17:08:58.494 +07:00 [INF] HTTP GET /admin/products responded 200 in 30.9773 ms
2026-04-28 17:08:59.393 +07:00 [INF] HTTP GET /admin/products/create responded 200 in 23.4148 ms
2026-04-28 17:09:03.469 +07:00 [INF] HTTP GET /admin/products responded 200 in 14.2387 ms
2026-04-28 17:09:34.148 +07:00 [INF] HTTP GET /admin responded 200 in 205.7174 ms
2026-04-28 17:21:44.703 +07:00 [INF] HTTP GET /admin responded 200 in 88.0069 ms
2026-04-28 17:21:46.663 +07:00 [INF] HTTP GET /admin responded 200 in 38.6018 ms
2026-04-28 17:21:55.053 +07:00 [INF] HTTP GET /.well-known/appspecific/com.chrome.devtools.json responded 404 in 270.9348 ms
2026-04-28 17:21:56.880 +07:00 [INF] HTTP GET /admin responded 200 in 40.9494 ms
2026-04-28 17:21:56.937 +07:00 [INF] HTTP GET /.well-known/appspecific/com.chrome.devtools.json responded 404 in 5.1067 ms
2026-04-28 17:22:39.466 +07:00 [INF] HTTP GET /admin responded 200 in 41.4238 ms
2026-04-28 17:22:39.506 +07:00 [INF] HTTP GET /.well-known/appspecific/com.chrome.devtools.json responded 404 in 1.7115 ms
2026-04-28 17:23:55.535 +07:00 [INF] HTTP GET /admin/settings responded 200 in 412.1582 ms
